I-AliRoot::main: Set stack size from 7 to 8 MB
   ------------------------------------------------------------------
  | Welcome to ROOT 6.26/04                        https://root.cern |
  | (c) 1995-2021, The ROOT Team; conception: R. Brun, F. Rademakers |
  | Built for macosxarm64 on Sep 05 2022, 15:45:00                   |
  | From tags/v6-26-04-patches-alice1@v6-26-02-71-g492a133770        |
  | With Apple clang version 13.0.0 (clang-1300.0.29.30)             |
  | Try '.help', '.demo', '.license', '.credits', '.quit'/'.q'       |
   ------------------------------------------------------------------


Processing /Users/david/alice_new/sw/osx_arm64/AliDPG/master-local2/MC/CreateSnapshot.C(0)...
I-AliCDBManager::Init: AliEn classes enabled in Root. AliCDBGrid factory registered.
I-AliCDBManager::SetDefaultStorage: Setting the run-number will set the corresponding OCDB for raw data reconstruction.
E-TJAlienConnectionManager: Failed to get any credentials
E-AliCDBManager::GetLHCPeriodAgainstAlienFile: Connection to alien failed!
E-AliCDBManager::GetStorage: Failed to activate requested storage! Check URI: 
F-AliCDBManager::SetDefaultStorageFromRun:  storage not there! Please check!
F-AliCDBManager::SetDefaultStorageFromRun: aborting execution due to AliFatal
[/Users/david/alice_new/sw/osx_arm64/AliRoot/c5ff4d8f51b96128934855539386b1299b0a48c1_O2-local1/lib/libCDB.so] AliCDBManager::SetDefaultStorageFromRun(int) (no debug info)
[/Users/david/alice_new/sw/osx_arm64/AliRoot/c5ff4d8f51b96128934855539386b1299b0a48c1_O2-local1/lib/libCDB.so] AliCDBManager::SetRun(int) (no debug info)
[<unknown binary>] (no debug info)
[<unknown binary>] (no debug info)
[/Users/david/alice_new/sw/osx_arm64/ROOT/v6-26-04-patches-alice1-local1/lib/libCling.6.26.04.so] cling::IncrementalExecutor::executeWrapper(llvm::StringRef, cling::Value*) const (no debug info)
[/Users/david/alice_new/sw/osx_arm64/ROOT/v6-26-04-patches-alice1-local1/lib/libCling.6.26.04.so] cling::Interpreter::RunFunction(clang::FunctionDecl const*, cling::Value*) (no debug info)
[/Users/david/alice_new/sw/osx_arm64/ROOT/v6-26-04-patches-alice1-local1/lib/libCling.6.26.04.so] cling::Interpreter::EvaluateInternal(std::__1::basic_string<char, std::__1::char_traits<char>, std::__1::allocator<char> > const&, cling::CompilationOptions, cling::Value*, cling::Transaction**, unsigned long) (no debug info)
[/Users/david/alice_new/sw/osx_arm64/ROOT/v6-26-04-patches-alice1-local1/lib/libCling.6.26.04.so] cling::MetaSema::actOnxCommand(llvm::StringRef, llvm::StringRef, cling::Value*) (no debug info)
[/Users/david/alice_new/sw/osx_arm64/ROOT/v6-26-04-patches-alice1-local1/lib/libCling.6.26.04.so] cling::MetaParser::isXCommand(cling::MetaSema::ActionResult&, cling::Value*) (no debug info)
[/Users/david/alice_new/sw/osx_arm64/ROOT/v6-26-04-patches-alice1-local1/lib/libCling.6.26.04.so] cling::MetaParser::isCommand(cling::MetaSema::ActionResult&, cling::Value*) (no debug info)
[/Users/david/alice_new/sw/osx_arm64/ROOT/v6-26-04-patches-alice1-local1/lib/libCling.6.26.04.so] cling::MetaProcessor::process(llvm::StringRef, cling::Interpreter::CompilationResult&, cling::Value*, bool) (no debug info)
[/Users/david/alice_new/sw/osx_arm64/ROOT/v6-26-04-patches-alice1-local1/lib/libCling.6.26.04.so] HandleInterpreterException(cling::MetaProcessor*, char const*, cling::Interpreter::CompilationResult&, cling::Value*) (no debug info)
[/Users/david/alice_new/sw/osx_arm64/ROOT/v6-26-04-patches-alice1-local1/lib/libCling.6.26.04.so] TCling::ProcessLine(char const*, TInterpreter::EErrorCode*) (no debug info)
[/Users/david/alice_new/sw/osx_arm64/ROOT/v6-26-04-patches-alice1-local1/lib/libCling.6.26.04.so] TCling::ProcessLineSynch(char const*, TInterpreter::EErrorCode*) (no debug info)
[/Users/david/alice_new/sw/osx_arm64/ROOT/v6-26-04-patches-alice1-local1/lib/libCore.6.26.04.so] TApplication::ExecuteFile(char const*, int*, bool) (no debug info)
[/Users/david/alice_new/sw/osx_arm64/ROOT/v6-26-04-patches-alice1-local1/lib/libRint.6.26.04.so] TRint::ProcessLineNr(char const*, char const*, int*) (no debug info)
[/Users/david/alice_new/sw/osx_arm64/ROOT/v6-26-04-patches-alice1-local1/lib/libRint.6.26.04.so] TRint::Run(bool) (no debug info)
[/Users/david/alice_new/sw/osx_arm64/AliRoot/c5ff4d8f51b96128934855539386b1299b0a48c1_O2-local1/bin/aliroot] main (no debug info)
[/usr/lib/dyld] start (no debug info)
I-AliRoot::main: Set stack size from 7 to 8 MB
   ------------------------------------------------------------------
  | Welcome to ROOT 6.26/04                        https://root.cern |
  | (c) 1995-2021, The ROOT Team; conception: R. Brun, F. Rademakers |
  | Built for macosxarm64 on Sep 05 2022, 15:45:00                   |
  | From tags/v6-26-04-patches-alice1@v6-26-02-71-g492a133770        |
  | With Apple clang version 13.0.0 (clang-1300.0.29.30)             |
  | Try '.help', '.demo', '.license', '.credits', '.quit'/'.q'       |
   ------------------------------------------------------------------


Processing /Users/david/alice_new/sw/osx_arm64/AliDPG/master-local2/MC/CreateSnapshot.C(0)...
I-AliCDBManager::Init: AliEn classes enabled in Root. AliCDBGrid factory registered.
I-AliCDBManager::SetDefaultStorage: Setting the run-number will set the corresponding OCDB for raw data reconstruction.
I-TJAlienConnectionManager: Opening connection to JCentral. Please wait
I-TJAlienConnectionManager: Opening connection to 137.138.47.216
I-TJAlienConnectionManager: Successfully connected to 137.138.47.216
[TFile::Cp] Total 0.00 MB	|>...................| 0.00 % [0.0 MB/s][TFile::Cp] Total 0.00 MB	|====================| 100.00 % [0.0 MB/s]
I-TJAlienFile::Open: Accessing file /alice/data/OCDBFoldervsRunRange.xml in SE <ALICE::UPB::EOS>
I-AliCDBHandler::OnStartDocument: Reading XML file for LHCPeriod <-> Run Range correspondence
I-AliCDBManager::GetLHCPeriodAgainstAlienFile:  LHC folder = alien://folder=/alice/data/2018/OCDB
I-AliCDBManager::GetLHCPeriodAgainstAlienFile:  LHC period start run = 282901
I-AliCDBManager::GetLHCPeriodAgainstAlienFile:  LHC period end run = 999999999
I-AliCDBGrid::QueryCDB: Querying files valid for run 294925 and path "*" into CDB storage  "alien:///alice/data/2018/OCDB/"
I-AliCDBGrid::QueryValidFiles: Only latest version will be returned
I-AliCDBGrid::QueryCDB: 317 valid files found!
I-TJAlienFile::Open: Accessing file /alice/data/2018/OCDB/GRP/GRP/Data/Run294925_294925_v1_s0.root in SE <ALICE::FZK::SE>
Setting specific storage: ITS/Align/Data -> alien://Folder=/alice/simulation/2008/v4-15-Release/Ideal/
I-AliCDBGrid::QueryCDB: Querying files valid for run 294925 and path "*" into CDB storage  "alien:///alice/simulation/2008/v4-15-Release/Ideal/"
I-AliCDBGrid::QueryValidFiles: Only latest version will be returned
I-AliCDBGrid::QueryCDB: 246 valid files found!
Setting specific storage: ITS/Calib/SPDSparseDead -> alien://Folder=/alice/simulation/2008/v4-15-Release/Full/
I-AliCDBGrid::QueryCDB: Querying files valid for run 294925 and path "*" into CDB storage  "alien:///alice/simulation/2008/v4-15-Release/Full/"
I-AliCDBGrid::QueryValidFiles: Only latest version will be returned
I-AliCDBGrid::QueryCDB: 220 valid files found!
Setting specific storage: TPC/Calib/ClusterParam -> alien://Folder=/alice/simulation/2008/v4-15-Release/Ideal/
Setting specific storage: TPC/Calib/RecoParam -> alien://Folder=/alice/simulation/2008/v4-15-Release/Residual/
I-AliCDBGrid::QueryCDB: Querying files valid for run 294925 and path "*" into CDB storage  "alien:///alice/simulation/2008/v4-15-Release/Residual/"
I-AliCDBGrid::QueryValidFiles: Only latest version will be returned
I-AliCDBGrid::QueryCDB: 217 valid files found!
Setting specific storage: TPC/Calib/TimeGain -> alien://Folder=/alice/simulation/2008/v4-15-Release/Ideal/
Setting specific storage: TPC/Calib/Correction -> alien://Folder=/alice/simulation/2008/v4-15-Release/Ideal/
Setting specific storage: MUON/Align/Data -> alien://Folder=/alice/simulation/2008/v4-15-Release/Full/
Setting specific storage: ZDC/Align/Data -> alien://Folder=/alice/simulation/2008/v4-15-Release/Ideal/
Setting specific storage: ZDC/Calib/Pedestals -> alien://Folder=/alice/simulation/2008/v4-15-Release/Ideal/
I-TJAlienFile::Open: Accessing file /alice/simulation/2008/v4-15-Release/Residual/TPC/Calib/RecoParam/Run293357_294925_v17_s0.root in SE <ALICE::FZK::SE>
I-CreateSnapshot: Processing default storage
I-TJAlienFile::Open: Accessing file /alice/data/2018/OCDB/ACORDE/Align/Data/Run0_999999999_v1_s0.root in SE <ALICE::FZK::SE>
I-TJAlienFile::Open: Accessing file /alice/data/2018/OCDB/ACORDE/Calib/Data/Run0_999999999_v1_s0.root in SE <ALICE::FZK::SE>
I-TJAlienFile::Open: Accessing file /alice/data/2018/OCDB/ACORDE/Calib/RecoParam/Run0_999999999_v1_s0.root in SE <ALICE::FZK::SE>
I-AliACORDERecoParam::AliACORDERecoParam: Empty object for ACORDE RecoParam
 <message repeated 1 time>
I-TJAlienFile::Open: Accessing file /alice/data/2018/OCDB/AD/Align/Data/Run0_999999999_v1_s0.root in SE <ALICE::FZK::SE>
I-TJAlienFile::Open: Accessing file /alice/data/2018/OCDB/AD/Calib/ChargeEqualization/Run0_999999999_v1_s0.root in SE <ALICE::FZK::SE>
I-TJAlienFile::Open: Accessing file /alice/data/2018/OCDB/AD/Calib/Data/Run294925_999999999_v1251_s0.root in SE <ALICE::FZK::SE>
I-TJAlienFile::Open: Accessing file /alice/data/2018/OCDB/AD/Calib/LightYields/Run0_999999999_v1_s0.root in SE <ALICE::FZK::SE>
I-TJAlienFile::Open: Accessing file /alice/data/2018/OCDB/AD/Calib/PMGains/Run284706_999999999_v4_s0.root in SE <ALICE::FZK::SE>
I-TJAlienFile::Open: Accessing file /alice/data/2018/OCDB/AD/Calib/PMTrends/Run294925_294925_v1_s0.root in SE <ALICE::FZK::SE>
I-TJAlienFile::Open: Accessing file /alice/data/2018/OCDB/AD/Calib/PulseShapes/Run0_999999999_v1_s0.root in SE <ALICE::FZK::SE>
I-TJAlienFile::Open: Accessing file /alice/data/2018/OCDB/AD/Calib/QAParam/Run0_999999999_v1_s0.root in SE <ALICE::FZK::SE>
I-TJAlienFile::Open: Accessing file /alice/data/2018/OCDB/AD/Calib/RecoParam/Run0_999999999_v1_s0.root in SE <ALICE::FZK::SE>
I-TJAlienFile::Open: Accessing file /alice/data/2018/OCDB/AD/Calib/Saturation/Run294009_294925_v7_s0.root in SE <ALICE::FZK::SE>
W-AliCDBGrid::LoadTreeFromFile: Entry contains a TTree! Loading baskets...
I-TJAlienFile::Open: Accessing file /alice/data/2018/OCDB/AD/Calib/Thresholds/Run0_999999999_v1_s0.root in SE <ALICE::FZK::SE>
I-TJAlienFile::Open: Accessing file /alice/data/2018/OCDB/AD/Calib/TimeDelays/Run0_999999999_v1_s0.root in SE <ALICE::FZK::SE>
I-TJAlienFile::Open: Accessing file /alice/data/2018/OCDB/AD/Calib/TimeSlewing/Run294925_999999999_v846_s0.root in SE <ALICE::FZK::SE>
I-TJAlienFile::Open: Accessing file /alice/data/2018/OCDB/EMCAL/Align/Data/Run0_999999999_v1_s0.root in SE <ALICE::FZK::SE>
I-TJAlienFile::Open: Accessing file /alice/data/2018/OCDB/EMCAL/Calib/BadChannels/Run0_999999999_v1_s0.root in SE <ALICE::FZK::SE>
I-TJAlienFile::Open: Accessing file /alice/data/2018/OCDB/EMCAL/Calib/Data/Run0_999999999_v1_s0.root in SE <ALICE::FZK::SE>
I-TJAlienFile::Open: Accessing file /alice/data/2018/OCDB/EMCAL/Calib/LED/Run294925_294925_v1_s0.root in SE <ALICE::FZK::SE>
I-TJAlienFile::Open: Accessing file /alice/data/2018/OCDB/EMCAL/Calib/Mapping/Run0_999999999_v1_s0.root in SE <ALICE::FZK::SE>
I-TJAlienFile::Open: Accessing file /alice/data/2018/OCDB/EMCAL/Calib/PeakFinder/Run0_999999999_v1_s0.root in SE <ALICE::FZK::SE>
I-TJAlienFile::Open: Accessing file /alice/data/2018/OCDB/EMCAL/Calib/Pedestals/Run0_999999999_v1_s0.root in SE <ALICE::FZK::SE>
I-TJAlienFile::Open: Accessing file /alice/data/2018/OCDB/EMCAL/Calib/RecoParam/Run0_999999999_v1_s0.root in SE <ALICE::FZK::SE>
I-TJAlienFile::Open: Accessing file /alice/data/2018/OCDB/EMCAL/Calib/SimParam/Run0_999999999_v1_s0.root in SE <ALICE::FZK::SE>
I-TJAlienFile::Open: Accessing file /alice/data/2018/OCDB/EMCAL/Calib/Temperature/Run294925_294925_v1_s0.root in SE <ALICE::FZK::SE>
I-TJAlienFile::Open: Accessing file /alice/data/2018/OCDB/EMCAL/Calib/Time/Run0_999999999_v1_s0.root in SE <ALICE::NIHAM::EOS>
I-TJAlienFile::Open: Accessing file /alice/data/2018/OCDB/EMCAL/Calib/Trigger/Run294925_294925_v2_s0.root in SE <ALICE::FZK::SE>
I-TJAlienFile::Open: Accessing file /alice/data/2018/OCDB/EMCAL/Config/Preprocessor/Run0_999999999_v1_s0.root in SE <ALICE::FZK::SE>
I-TJAlienFile::Open: Accessing file /alice/data/2018/OCDB/EMCAL/Config/Temperature/Run0_999999999_v1_s0.root in SE <ALICE::FZK::SE>
W-AliCDBGrid::LoadTreeFromFile: Entry contains a TTree! Loading baskets...
I-TJAlienFile::Open: Accessing file /alice/data/2018/OCDB/FMD/Align/Data/Run0_999999999_v1_s0.root in SE <ALICE::FZK::SE>
I-TJAlienFile::Open: Accessing file /alice/data/2018/OCDB/FMD/Calib/AltroMap/Run0_999999999_v1_s0.root in SE <ALICE::FZK::SE>
I-TJAlienFile::Open: Accessing file /alice/data/2018/OCDB/FMD/Calib/Dead/Run294859_999999999_v416_s0.root in SE <ALICE::FZK::SE>
I-TJAlienFile::Open: Accessing file /alice/data/2018/OCDB/FMD/Calib/Pedestal/Run294853_999999999_v225_s0.root in SE <ALICE::FZK::SE>
I-TJAlienFile::Open: Accessing file /alice/data/2018/OCDB/FMD/Calib/PulseGain/Run294859_999999999_v192_s0.root in SE <ALICE::FZK::SE>
I-TJAlienFile::Open: Accessing file /alice/data/2018/OCDB/FMD/Calib/RecoParam/Run0_999999999_v1_s0.root in SE <ALICE::FZK::SE>
I-TJAlienFile::Open: Accessing file /alice/data/2018/OCDB/FMD/Calib/SampleRate/Run294925_999999999_v1389_s0.root in SE <ALICE::FZK::SE>
I-TJAlienFile::Open: Accessing file /alice/data/2018/OCDB/FMD/Calib/StripRange/Run294925_999999999_v1389_s0.root in SE <ALICE::FZK::SE>
I-TJAlienFile::Open: Accessing file /alice/data/2018/OCDB/FMD/Calib/ZeroSuppression/Run294925_999999999_v1389_s0.root in SE <ALICE::FZK::SE>
I-TJAlienFile::Open: Accessing file /alice/data/2018/OCDB/GRP/Align/Data/Run0_999999999_v1_s0.root in SE <ALICE::FZK::SE>
I-TJAlienFile::Open: Accessing file /alice/data/2018/OCDB/GRP/CTP/Aliases/Run294925_294925_v2_s0.root in SE <ALICE::FZK::SE>
I-TJAlienFile::Open: Accessing file /alice/data/2018/OCDB/GRP/CTP/CTPtiming/Run294925_294925_v1_s0.root in SE <ALICE::FZK::SE>
I-TJAlienFile::Open: Accessing file /alice/data/2018/OCDB/GRP/CTP/Config/Run294925_294925_v1_s0.root in SE <ALICE::FZK::SE>
I-TJAlienFile::Open: Accessing file /alice/data/2018/OCDB/GRP/CTP/DummyAliases/Run0_999999999_v1_s0.root in SE <ALICE::FZK::SE>
I-TJAlienFile::Open: Accessing file /alice/data/2018/OCDB/GRP/CTP/DummyCTPtime/Run0_999999999_v1_s0.root in SE <ALICE::FZK::SE>
I-TJAlienFile::Open: Accessing file /alice/data/2018/OCDB/GRP/CTP/DummyConfig/Run0_999999999_v1_s0.root in SE <ALICE::FZK::SE>
I-TJAlienFile::Open: Accessing file /alice/data/2018/OCDB/GRP/CTP/DummyLTUConfig/Run0_999999999_v1_s0.root in SE <ALICE::FZK::SE>
I-TJAlienFile::Open: Accessing file /alice/data/2018/OCDB/GRP/CTP/DummyScalers/Run0_999999999_v1_s0.root in SE <ALICE::FZK::SE>
I-TJAlienFile::Open: Accessing file /alice/data/2018/OCDB/GRP/CTP/LTUConfig/Run294925_294925_v1_s0.root in SE <ALICE::FZK::SE>
I-TJAlienFile::Open: Accessing file /alice/data/2018/OCDB/GRP/CTP/LumiRef/Run0_999999999_v4_s0.root in SE <ALICE::FZK::SE>
I-TJAlienFile::Open: Accessing file /alice/data/2018/OCDB/GRP/CTP/Scalers/Run294925_294925_v1_s0.root in SE <ALICE::FZK::SE>
I-TJAlienFile::Open: Accessing file /alice/data/2018/OCDB/GRP/CTP/TimeAlign/Run0_999999999_v1_s0.root in SE <ALICE::NIHAM::EOS>
I-TJAlienFile::Open: Accessing file /alice/data/2018/OCDB/GRP/Calib/CosmicTriggers/Run0_999999999_v1_s0.root in SE <ALICE::FZK::SE>
I-TJAlienFile::Open: Accessing file /alice/data/2018/OCDB/GRP/Calib/LHCClockPhase/Run294925_294925_v2_s0.root in SE <ALICE::FZK::SE>
I-TJAlienFile::Open: Accessing file /alice/data/2018/OCDB/GRP/Calib/MeanVertex/Run294925_294925_v5_s0.root in SE <ALICE::FZK::SE>
I-TJAlienFile::Open: Accessing file /alice/data/2018/OCDB/GRP/Calib/MeanVertexSPD/Run294925_294925_v4_s0.root in SE <ALICE::FZK::SE>
I-TJAlienFile::Open: Accessing file /alice/data/2018/OCDB/GRP/Calib/MeanVertexTPC/Run0_999999999_v1_s0.root in SE <ALICE::FZK::SE>
I-TJAlienFile::Open: Accessing file /alice/data/2018/OCDB/GRP/Calib/QAThresholds/Run294925_294925_v2_s0.root in SE <ALICE::FZK::SE>
I-TJAlienFile::Open: Accessing file /alice/data/2018/OCDB/GRP/Calib/RecoParam/Run0_999999999_v1_s0.root in SE <ALICE::FZK::SE>
I-TJAlienFile::Open: Accessing file /alice/data/2018/OCDB/GRP/GRP/LHCData/Run294925_294925_v2_s0.root in SE <ALICE::FZK::SE>
I-TJAlienFile::Open: Accessing file /alice/data/2018/OCDB/GRP/Geometry/Data/Run0_999999999_v2_s0.root in SE <ALICE::SUBATECH::EOS>
I-TGeoManager::CloseGeometry: Geometry loaded from file...
I-TGeoManager::SetTopVolume: Top volume is ALIC. Master volume is ALIC
I-TGeoNavigator::BuildCache: --- Maximum geometry depth set to 100
I-TGeoManager::Voxelize: Voxelizing...
I-TGeoManager::CountLevels: max level = 12, max placements = 735
I-TGeoManager::CloseGeometry: 6365802 nodes/ 6065 volume UID's in ALICE geometry
I-TGeoManager::CloseGeometry: ----------------modeler ready----------------
I-TJAlienFile::Open: Accessing file /alice/data/2018/OCDB/HLT/Calib/RecoParam/Run0_999999999_v1_s0.root in SE <ALICE::FZK::SE>
I-TJAlienFile::Open: Accessing file /alice/data/2018/OCDB/HLT/Calib/StreamerInfo/Run0_999999999_v1_s0.root in SE <ALICE::FZK::SE>
I-TJAlienFile::Open: Accessing file /alice/data/2018/OCDB/HLT/Calib/esdLayout/Run0_999999999_v1_s0.root in SE <ALICE::FZK::SE>
I-TJAlienFile::Open: Accessing file /alice/data/2018/OCDB/HLT/ConfigHLT/BarrelHighMultiplicity/Run0_999999999_v1_s0.root in SE <ALICE::FZK::SE>
I-TJAlienFile::Open: Accessing file /alice/data/2018/OCDB/HLT/ConfigHLT/BarrelMultiplicityTrigger/Run0_999999999_v1_s0.root in SE <ALICE::FZK::SE>
I-TJAlienFile::Open: Accessing file /alice/data/2018/OCDB/HLT/ConfigHLT/BarrelPt_v01/Run0_999999999_v1_s0.root in SE <ALICE::FZK::SE>
I-TJAlienFile::Open: Accessing file /alice/data/2018/OCDB/HLT/ConfigHLT/BarrelPt_v02/Run0_999999999_v1_s0.root in SE <ALICE::FZK::SE>
I-TJAlienFile::Open: Accessing file /alice/data/2018/OCDB/HLT/ConfigHLT/BarrelPt_v03/Run0_999999999_v1_s0.root in SE <ALICE::FZK::SE>
I-TJAlienFile::Open: Accessing file /alice/data/2018/OCDB/HLT/ConfigHLT/EmcalClusterEnergyTrigger/Run0_999999999_v1_s0.root in SE <ALICE::FZK::SE>
I-TJAlienFile::Open: Accessing file /alice/data/2018/OCDB/HLT/ConfigHLT/GlobalOfflineVertexer/Run0_999999999_v1_s0.root in SE <ALICE::FZK::SE>
I-TJAlienFile::Open: Accessing file /alice/data/2018/OCDB/HLT/ConfigHLT/GlobalTrackMatcher/Run0_999999999_v1_s0.root in SE <ALICE::FZK::SE>
I-TJAlienFile::Open: Accessing file /alice/data/2018/OCDB/HLT/ConfigHLT/HLTGlobalTrigger/Run0_999999999_v1_s0.root in SE <ALICE::FZK::SE>
I-TJAlienFile::Open: Accessing file /alice/data/2018/OCDB/HLT/ConfigHLT/ITSMultiplicityTrigger/Run0_999999999_v1_s0.root in SE <ALICE::FZK::SE>
I-TJAlienFile::Open: Accessing file /alice/data/2018/OCDB/HLT/ConfigHLT/PhosClusterEnergyTrigger/Run0_999999999_v1_s0.root in SE <ALICE::FZK::SE>
I-TJAlienFile::Open: Accessing file /alice/data/2018/OCDB/HLT/ConfigHLT/PhosMipTrigger/Run0_999999999_v1_s0.root in SE <ALICE::FZK::SE>
I-TJAlienFile::Open: Accessing file /alice/data/2018/OCDB/HLT/ConfigHLT/PrimaryVertexFinder/Run0_999999999_v1_s0.root in SE <ALICE::NIHAM::EOS>
I-TJAlienFile::Open: Accessing file /alice/data/2018/OCDB/HLT/ConfigHLT/V0Finder/Run0_999999999_v1_s0.root in SE <ALICE::FZK::SE>
I-TJAlienFile::Open: Accessing file /alice/data/2018/OCDB/HLT/ConfigHLT/esdLayout/Run0_999999999_v1_s0.root in SE <ALICE::FZK::SE>
I-TJAlienFile::Open: Accessing file /alice/data/2018/OCDB/HLT/ConfigITS/ITSClusterFinderSDD/Run0_999999999_v1_s0.root in SE <ALICE::FZK::SE>
I-TJAlienFile::Open: Accessing file /alice/data/2018/OCDB/HLT/ConfigITS/ITSClusterFinderSPD/Run0_999999999_v1_s0.root in SE <ALICE::FZK::SE>
I-TJAlienFile::Open: Accessing file /alice/data/2018/OCDB/HLT/ConfigITS/ITSClusterFinderSSD/Run0_999999999_v1_s0.root in SE <ALICE::FZK::SE>
I-TJAlienFile::Open: Accessing file /alice/data/2018/OCDB/HLT/ConfigITS/ITSTracker/Run0_999999999_v1_s0.root in SE <ALICE::FZK::SE>
I-TJAlienFile::Open: Accessing file /alice/data/2018/OCDB/HLT/ConfigMUON/DecisionComponent/Run0_999999999_v1_s0.root in SE <ALICE::FZK::SE>
I-TJAlienFile::Open: Accessing file /alice/data/2018/OCDB/HLT/ConfigMUON/FieldIntegrals/Run0_999999999_v1_s0.root in SE <ALICE::FZK::SE>
I-TJAlienFile::Open: Accessing file /alice/data/2018/OCDB/HLT/ConfigMUON/HitReconstructor/Run0_999999999_v1_s0.root in SE <ALICE::FZK::SE>
I-TJAlienFile::Open: Accessing file /alice/data/2018/OCDB/HLT/ConfigMUON/MansoTrackerFSM/Run0_999999999_v1_s0.root in SE <ALICE::FZK::SE>
I-TJAlienFile::Open: Accessing file /alice/data/2018/OCDB/HLT/ConfigMUON/TriggerReconstructor/Run0_999999999_v1_s0.root in SE <ALICE::FZK::SE>
I-TJAlienFile::Open: Accessing file /alice/data/2018/OCDB/HLT/ConfigPHOS/PHOSClusterizer/Run0_999999999_v1_s0.root in SE <ALICE::FZK::SE>
I-TJAlienFile::Open: Accessing file /alice/data/2018/OCDB/HLT/ConfigPHOS/PHOSDigitMaker/Run0_999999999_v1_s0.root in SE <ALICE::FZK::SE>
I-TJAlienFile::Open: Accessing file /alice/data/2018/OCDB/HLT/ConfigPHOS/PHOSRawAnalyzer/Run0_999999999_v1_s0.root in SE <ALICE::FZK::SE>
I-TJAlienFile::Open: Accessing file /alice/data/2018/OCDB/HLT/ConfigSample/SampleComponent1/Run0_999999999_v1_s0.root in SE <ALICE::FZK::SE>
I-TJAlienFile::Open: Accessing file /alice/data/2018/OCDB/HLT/ConfigSample/SampleESDAnalysis/Run0_999999999_v1_s0.root in SE <ALICE::FZK::SE>
I-TJAlienFile::Open: Accessing file /alice/data/2018/OCDB/HLT/ConfigTPC/TPCCAGlobalMerger/Run0_999999999_v1_s0.root in SE <ALICE::FZK::SE>
I-TJAlienFile::Open: Accessing file /alice/data/2018/OCDB/HLT/ConfigTPC/TPCCATracker/Run0_999999999_v1_s0.root in SE <ALICE::FZK::SE>
I-TJAlienFile::Open: Accessing file /alice/data/2018/OCDB/HLT/ConfigTPC/TPCDataCompressor/Run0_999999999_v1_s0.root in SE <ALICE::FZK::SE>
I-TJAlienFile::Open: Accessing file /alice/data/2018/OCDB/HLT/ConfigTPC/TPCDataCompressorHuffmanTables/Run286455_999999999_v2_s0.root in SE <ALICE::FZK::SE>
I-TJAlienFile::Open: Accessing file /alice/data/2018/OCDB/HLT/ConfigTPC/TPCHWClusterDecoder/Run0_999999999_v1_s0.root in SE <ALICE::FZK::SE>
I-TJAlienFile::Open: Accessing file /alice/data/2018/OCDB/HLT/ConfigTPC/TPCHWClusterFinder/Run286358_999999999_v2_s0.root in SE <ALICE::UPB::EOS>
I-TJAlienFile::Open: Accessing file /alice/data/2018/OCDB/HLT/ConfigTPC/TPCHWClusterTransform/Run0_999999999_v1_s0.root in SE <ALICE::FZK::SE>
I-TJAlienFile::Open: Accessing file /alice/data/2018/OCDB/HLT/ConfigTPC/TPCTrackHisto/Run0_999999999_v1_s0.root in SE <ALICE::FZK::SE>
I-TJAlienFile::Open: Accessing file /alice/data/2018/OCDB/HLT/ConfigVZERO/VZEROReconstruction/Run0_999999999_v1_s0.root in SE <ALICE::FZK::SE>
I-TJAlienFile::Open: Accessing file /alice/data/2018/OCDB/HLT/ConfigZDC/ZDCESDReco/Run0_999999999_v1_s0.root in SE <ALICE::FZK::SE>
I-TJAlienFile::Open: Accessing file /alice/data/2018/OCDB/HMPID/Align/Data/Run0_999999999_v1_s0.root in SE <ALICE::FZK::SE>
I-TJAlienFile::Open: Accessing file /alice/data/2018/OCDB/HMPID/Calib/DaqSig/Run294900_999999999_v414_s0.root in SE <ALICE::FZK::SE>
I-TJAlienFile::Open: Accessing file /alice/data/2018/OCDB/HMPID/Calib/Masked/Run294900_999999999_v414_s0.root in SE <ALICE::FZK::SE>
I-TJAlienFile::Open: Accessing file /alice/data/2018/OCDB/HMPID/Calib/Nmean/Run294925_999999999_v941_s0.root in SE <ALICE::FZK::SE>
W-TClass::Init: no dictionary for class pair<TString,TString> is available
I-TJAlienFile::Open: Accessing file /alice/data/2018/OCDB/HMPID/Calib/NoiseMap/Run294925_999999999_v941_s0.root in SE <ALICE::FZK::SE>
I-TJAlienFile::Open: Accessing file /alice/data/2018/OCDB/HMPID/Calib/QeMap/Run0_999999999_v1_s0.root in SE <ALICE::FZK::SE>
I-TJAlienFile::Open: Accessing file /alice/data/2018/OCDB/HMPID/Calib/Qthre/Run294925_999999999_v941_s0.root in SE <ALICE::FZK::SE>
I-TJAlienFile::Open: Accessing file /alice/data/2018/OCDB/HMPID/Calib/RecoParam/Run0_999999999_v1_s0.root in SE <ALICE::FZK::SE>
I-CreateSnapshot: ITS/Align/Data has specific storage set, skip it in DefaultStorage
I-TJAlienFile::Open: Accessing file /alice/data/2018/OCDB/ITS/Calib/BadChannelsSSD/Run294897_999999999_v313_s0.root in SE <ALICE::FZK::SE>
I-TJAlienFile::Open: Accessing file /alice/data/2018/OCDB/ITS/Calib/CalibSDD/Run294901_999999999_v342_s0.root in SE <ALICE::FZK::SE>
I-TJAlienFile::Open: Accessing file /alice/data/2018/OCDB/ITS/Calib/DDLMapSDD/Run0_999999999_v1_s0.root in SE <ALICE::FZK::SE>
I-TJAlienFile::Open: Accessing file /alice/data/2018/OCDB/ITS/Calib/DriftSpeedSDD/Run294885_294925_v311_s0.root in SE <ALICE::FZK::SE>
I-TJAlienFile::Open: Accessing file /alice/data/2018/OCDB/ITS/Calib/GainSSD/Run0_999999999_v1_s0.root in SE <ALICE::FZK::SE>
I-TJAlienFile::Open: Accessing file /alice/data/2018/OCDB/ITS/Calib/HLTforSDD/Run0_999999999_v1_s0.root in SE <ALICE::FZK::SE>
I-TJAlienFile::Open: Accessing file /alice/data/2018/OCDB/ITS/Calib/MapsTimeSDD/Run294009_294925_v3_s0.root in SE <ALICE::FZK::SE>
I-TJAlienFile::Open: Accessing file /alice/data/2018/OCDB/ITS/Calib/NoiseSSD/Run294897_999999999_v313_s0.root in SE <ALICE::FZK::SE>
I-TJAlienFile::Open: Accessing file /alice/data/2018/OCDB/ITS/Calib/PITConditions/Run0_999999999_v1_s0.root in SE <ALICE::FZK::SE>
I-TJAlienFile::Open: Accessing file /alice/data/2018/OCDB/ITS/Calib/RecoParam/Run0_999999999_v1_s0.root in SE <ALICE::FZK::SE>
I-TJAlienFile::Open: Accessing file /alice/data/2018/OCDB/ITS/Calib/RescaleDriftSpeedSDD/Run0_999999999_v1_s0.root in SE <ALICE::FZK::SE>
I-TJAlienFile::Open: Accessing file /alice/data/2018/OCDB/ITS/Calib/RespSDD/Run294885_294925_v3_s0.root in SE <ALICE::FZK::SE>
I-TJAlienFile::Open: Accessing file /alice/data/2018/OCDB/ITS/Calib/SPDDead/Run294925_294925_v2_s0.root in SE <ALICE::FZK::SE>
I-TJAlienFile::Open: Accessing file /alice/data/2018/OCDB/ITS/Calib/SPDFOEfficiency/Run0_999999999_v1_s0.root in SE <ALICE::NIHAM::EOS>
I-TJAlienFile::Open: Accessing file /alice/data/2018/OCDB/ITS/Calib/SPDFONoise/Run0_999999999_v1_s0.root in SE <ALICE::FZK::SE>
I-TJAlienFile::Open: Accessing file /alice/data/2018/OCDB/ITS/Calib/SPDNoisy/Run288170_999999999_v2_s0.root in SE <ALICE::FZK::SE>
I-CreateSnapshot: ITS/Calib/SPDSparseDead has specific storage set, skip it in DefaultStorage
I-TJAlienFile::Open: Accessing file /alice/data/2018/OCDB/MUON/Align/Baseline/Run0_999999999_v1_s0.root in SE <ALICE::FZK::SE>
I-CreateSnapshot: MUON/Align/Data has specific storage set, skip it in DefaultStorage
I-TJAlienFile::Open: Accessing file /alice/data/2018/OCDB/MUON/Calib/BPEVO/Run294925_294925_v1_s0.root in SE <ALICE::FZK::SE>
I-TJAlienFile::Open: Accessing file /alice/data/2018/OCDB/MUON/Calib/Capacitances/Run0_999999999_v1_s0.root in SE <ALICE::FZK::SE>
I-TJAlienFile::Open: Accessing file /alice/data/2018/OCDB/MUON/Calib/Config/Run294916_999999999_v87_s0.root in SE <ALICE::FZK::SE>
I-TJAlienFile::Open: Accessing file /alice/data/2018/OCDB/MUON/Calib/Gains/Run0_999999999_v1_s0.root in SE <ALICE::FZK::SE>
I-TJAlienFile::Open: Accessing file /alice/data/2018/OCDB/MUON/Calib/GlobalTriggerBoardMasks/Run0_999999999_v1_s0.root in SE <ALICE::NIHAM::EOS>
I-TJAlienFile::Open: Accessing file /alice/data/2018/OCDB/MUON/Calib/GlobalTriggerCrateConfig/Run293356_999999999_v14_s0.root in SE <ALICE::FZK::SE>
I-TJAlienFile::Open: Accessing file /alice/data/2018/OCDB/MUON/Calib/HV/Run294925_294925_v1_s0.root in SE <ALICE::FZK::SE>
I-TJAlienFile::Open: Accessing file /alice/data/2018/OCDB/MUON/Calib/LV/Run294925_294925_v1_s0.root in SE <ALICE::FZK::SE>
I-TJAlienFile::Open: Accessing file /alice/data/2018/OCDB/MUON/Calib/LocalTriggerBoardMasks/Run287105_999999999_v6_s0.root in SE <ALICE::FZK::SE>
I-TJAlienFile::Open: Accessing file /alice/data/2018/OCDB/MUON/Calib/MappingData/Run0_999999999_v1_s0.root in SE <ALICE::FZK::SE>
I-TJAlienFile::Open: Accessing file /alice/data/2018/OCDB/MUON/Calib/MappingRunData/Run0_999999999_v1_s0.root in SE <ALICE::FZK::SE>
I-TJAlienFile::Open: Accessing file /alice/data/2018/OCDB/MUON/Calib/Neighbours/Run0_999999999_v1_s0.root in SE <ALICE::FZK::SE>
I-TJAlienFile::Open: Accessing file /alice/data/2018/OCDB/MUON/Calib/OccupancyMap/Run294925_294925_v1_s0.root in SE <ALICE::FZK::SE>
I-TJAlienFile::Open: Accessing file /alice/data/2018/OCDB/MUON/Calib/Pedestals/Run294905_999999999_v792_s0.root in SE <ALICE::FZK::SE>
I-TJAlienFile::Open: Accessing file /alice/data/2018/OCDB/MUON/Calib/RecoParam/Run294307_999999999_v2_s0.root in SE <ALICE::FZK::SE>
I-TJAlienFile::Open: Accessing file /alice/data/2018/OCDB/MUON/Calib/RegionalTriggerBoardMasks/Run0_999999999_v1_s0.root in SE <ALICE::FZK::SE>
I-TJAlienFile::Open: Accessing file /alice/data/2018/OCDB/MUON/Calib/RegionalTriggerConfig/Run293356_999999999_v14_s0.root in SE <ALICE::FZK::SE>
I-TJAlienFile::Open: Accessing file /alice/data/2018/OCDB/MUON/Calib/RejectList/Run293368_295242_v2_s0.root in SE <ALICE::FZK::SE>
I-TJAlienFile::Open: Accessing file /alice/data/2018/OCDB/MUON/Calib/TriggerDCS/Run294925_294925_v3_s0.root in SE <ALICE::FZK::SE>
I-TJAlienFile::Open: Accessing file /alice/data/2018/OCDB/MUON/Calib/TriggerEfficiency/Run294815_294925_v2_s0.root in SE <ALICE::FZK::SE>
I-TJAlienFile::Open: Accessing file /alice/data/2018/OCDB/MUON/Calib/TriggerLut/Run292677_999999999_v4_s0.root in SE <ALICE::FZK::SE>
I-TJAlienFile::Open: Accessing file /alice/data/2018/OCDB/MUON/Calib/TriggerScalers/Run294925_294925_v2_s0.root in SE <ALICE::FZK::SE>
I-TJAlienFile::Open: Accessing file /alice/data/2018/OCDB/PHOS/Align/Data/Run0_999999999_v1_s0.root in SE <ALICE::FZK::SE>
I-TJAlienFile::Open: Accessing file /alice/data/2018/OCDB/PHOS/Calib/CpvBadChannels/Run294925_999999999_v989_s0.root in SE <ALICE::FZK::SE>
I-TJAlienFile::Open: Accessing file /alice/data/2018/OCDB/PHOS/Calib/CpvGainPedestals/Run294925_999999999_v1297_s0.root in SE <ALICE::FZK::SE>
I-TJAlienFile::Open: Accessing file /alice/data/2018/OCDB/PHOS/Calib/EmcBadChannels/Run294925_999999999_v1026_s0.root in SE <ALICE::FZK::SE>
I-TJAlienFile::Open: Accessing file /alice/data/2018/OCDB/PHOS/Calib/EmcGainPedestals/Run0_999999999_v1_s0.root in SE <ALICE::FZK::SE>
I-TJAlienFile::Open: Accessing file /alice/data/2018/OCDB/PHOS/Calib/Mapping/Run0_999999999_v1_s0.root in SE <ALICE::FZK::SE>
I-TJAlienFile::Open: Accessing file /alice/data/2018/OCDB/PHOS/Calib/RecoParam/Run0_999999999_v1_s0.root in SE <ALICE::FZK::SE>
I-TJAlienFile::Open: Accessing file /alice/data/2018/OCDB/PHOS/Trigger/Parameters/Run0_999999999_v1_s0.root in SE <ALICE::FZK::SE>
I-TJAlienFile::Open: Accessing file /alice/data/2018/OCDB/PMD/Align/Data/Run0_999999999_v1_s0.root in SE <ALICE::FZK::SE>
I-TJAlienFile::Open: Accessing file /alice/data/2018/OCDB/PMD/Calib/Ddlinfo/Run0_999999999_v1_s0.root in SE <ALICE::FZK::SE>
I-TJAlienFile::Open: Accessing file /alice/data/2018/OCDB/PMD/Calib/Gain/Run0_999999999_v1_s0.root in SE <ALICE::FZK::SE>
I-TJAlienFile::Open: Accessing file /alice/data/2018/OCDB/PMD/Calib/Hot/Run294925_294925_v2_s0.root in SE <ALICE::FZK::SE>
I-TJAlienFile::Open: Accessing file /alice/data/2018/OCDB/PMD/Calib/Mapping/Run0_999999999_v1_s0.root in SE <ALICE::FZK::SE>
I-TJAlienFile::Open: Accessing file /alice/data/2018/OCDB/PMD/Calib/NoiseCut/Run0_999999999_v1_s0.root in SE <ALICE::FZK::SE>
I-TJAlienFile::Open: Accessing file /alice/data/2018/OCDB/PMD/Calib/Ped/Run294904_999999999_v274_s0.root in SE <ALICE::FZK::SE>
I-TJAlienFile::Open: Accessing file /alice/data/2018/OCDB/PMD/Calib/RecoParam/Run0_999999999_v1_s0.root in SE <ALICE::FZK::SE>
I-TJAlienFile::Open: Accessing file /alice/data/2018/OCDB/PMD/Calib/SMMEAN/Run294925_294925_v1_s0.root in SE <ALICE::FZK::SE>
I-TJAlienFile::Open: Accessing file /alice/data/2018/OCDB/T0/Align/Data/Run0_999999999_v1_s0.root in SE <ALICE::FZK::SE>
I-TJAlienFile::Open: Accessing file /alice/data/2018/OCDB/T0/Calib/Latency/Run0_999999999_v1_s0.root in SE <ALICE::FZK::SE>
I-TJAlienFile::Open: Accessing file /alice/data/2018/OCDB/T0/Calib/LookUp_Table/Run0_999999999_v1_s0.root in SE <ALICE::FZK::SE>
I-TJAlienFile::Open: Accessing file /alice/data/2018/OCDB/T0/Calib/RecoParam/Run284700_999999999_v5_s0.root in SE <ALICE::FZK::SE>
I-TJAlienFile::Open: Accessing file /alice/data/2018/OCDB/T0/Calib/Slewing_Walk/Run283000_999999999_v2_s0.root in SE <ALICE::FZK::SE>
I-TJAlienFile::Open: Accessing file /alice/data/2018/OCDB/T0/Calib/TimeAdjust/Run294925_294925_v5_s0.root in SE <ALICE::FZK::SE>
I-TJAlienFile::Open: Accessing file /alice/data/2018/OCDB/T0/Calib/TimeDelay/Run294925_294925_v964_s0.root in SE <ALICE::FZK::SE>
I-TJAlienFile::Open: Accessing file /alice/data/2018/OCDB/T0/Calib/TriggerParam/Run0_999999999_v1_s0.root in SE <ALICE::FZK::SE>
I-TJAlienFile::Open: Accessing file /alice/data/2018/OCDB/TOF/Align/Data/Run0_999999999_v1_s0.root in SE <ALICE::NIHAM::EOS>
I-TJAlienFile::Open: Accessing file /alice/data/2018/OCDB/TOF/Calib/CTPLatency/Run0_999999999_v1_s0.root in SE <ALICE::FZK::SE>
I-TJAlienFile::Open: Accessing file /alice/data/2018/OCDB/TOF/Calib/Config/Run0_999999999_v1_s0.root in SE <ALICE::FZK::SE>
I-TJAlienFile::Open: Accessing file /alice/data/2018/OCDB/TOF/Calib/ConfigNoise/Run0_999999999_v1_s0.root in SE <ALICE::FZK::SE>
I-TJAlienFile::Open: Accessing file /alice/data/2018/OCDB/TOF/Calib/DCSData/Run0_999999999_v1_s0.root in SE <ALICE::FZK::SE>
I-TJAlienFile::Open: Accessing file /alice/data/2018/OCDB/TOF/Calib/DeltaBCOffset/Run0_999999999_v1_s0.root in SE <ALICE::FZK::SE>
I-TJAlienFile::Open: Accessing file /alice/data/2018/OCDB/TOF/Calib/FineSlewing/Run0_999999999_v2_s0.root in SE <ALICE::NIHAM::EOS>
I-TJAlienFile::Open: Accessing file /alice/data/2018/OCDB/TOF/Calib/HW/Run0_999999999_v1_s0.root in SE <ALICE::FZK::SE>
I-TJAlienFile::Open: Accessing file /alice/data/2018/OCDB/TOF/Calib/Noise/Run0_999999999_v1_s0.root in SE <ALICE::FZK::SE>
I-TJAlienFile::Open: Accessing file /alice/data/2018/OCDB/TOF/Calib/ParOffline/Run293986_295023_v2_s0.root in SE <ALICE::FZK::SE>
I-TJAlienFile::Open: Accessing file /alice/data/2018/OCDB/TOF/Calib/ParOnline/Run0_999999999_v1_s0.root in SE <ALICE::FZK::SE>
I-TJAlienFile::Open: Accessing file /alice/data/2018/OCDB/TOF/Calib/ParOnlineDelay/Run0_999999999_v1_s0.root in SE <ALICE::NIHAM::EOS>
I-TJAlienFile::Open: Accessing file /alice/data/2018/OCDB/TOF/Calib/Problematic/Run293986_295023_v2_s0.root in SE <ALICE::FZK::SE>
I-TJAlienFile::Open: Accessing file /alice/data/2018/OCDB/TOF/Calib/Pulser/Run0_999999999_v1_s0.root in SE <ALICE::FZK::SE>
I-TJAlienFile::Open: Accessing file /alice/data/2018/OCDB/TOF/Calib/ReadoutEfficiency/Run294925_294925_v2_s0.root in SE <ALICE::FZK::SE>
I-TJAlienFile::Open: Accessing file /alice/data/2018/OCDB/TOF/Calib/RecoParam/Run0_999999999_v1_s0.root in SE <ALICE::FZK::SE>
I-TJAlienFile::Open: Accessing file /alice/data/2018/OCDB/TOF/Calib/RunParams/Run294925_294925_v5_s0.root in SE <ALICE::FZK::SE>
I-TJAlienFile::Open: Accessing file /alice/data/2018/OCDB/TOF/Calib/SimHisto/Run0_999999999_v1_s0.root in SE <ALICE::FZK::SE>
I-TJAlienFile::Open: Accessing file /alice/data/2018/OCDB/TOF/Calib/Status/Run294925_999999999_v1392_s0.root in SE <ALICE::FZK::SE>
I-TJAlienFile::Open: Accessing file /alice/data/2018/OCDB/TOF/Calib/T0Fill/Run0_999999999_v1_s0.root in SE <ALICE::FZK::SE>
I-TJAlienFile::Open: Accessing file /alice/data/2018/OCDB/TOF/Calib/T0FillOnlineCalib/Run0_999999999_v1_s0.root in SE <ALICE::FZK::SE>
I-TJAlienFile::Open: Accessing file /alice/data/2018/OCDB/TPC/Align/Data/Run0_999999999_v2_s0.root in SE <ALICE::FZK::SE>
I-TJAlienFile::Open: Accessing file /alice/data/2018/OCDB/TPC/Calib/AltroConfig/Run294925_294925_v2_s0.root in SE <ALICE::FZK::SE>
I-TJAlienFile::Open: Accessing file /alice/data/2018/OCDB/TPC/Calib/CE/Run294925_999999999_v1026_s0.root in SE <ALICE::FZK::SE>
I-CreateSnapshot: TPC/Calib/ClusterParam has specific storage set, skip it in DefaultStorage
I-CreateSnapshot: TPC/Calib/Correction has specific storage set, skip it in DefaultStorage
I-TJAlienFile::Open: Accessing file /alice/data/2018/OCDB/TPC/Calib/CorrectionMaps/Run294925_294925_v7_s0.root in SE <ALICE::FZK::SE>
E-TJAlienConnectionManager: Connection is broken
I-TJAlien::Command: Trying to reconnect in 1 sec
I-TJAlienConnectionManager: Opening connection to JCentral. Please wait
I-TJAlienConnectionManager: Opening connection to 137.138.99.140
I-TJAlienConnectionManager: Successfully connected to 137.138.99.140
I-TJAlienFile::Open: Accessing file /alice/data/2018/OCDB/TPC/Calib/CorrectionMapsRef/Run294009_999999999_v8_s0.root in SE <ALICE::FZK::SE>
I-TJAlienFile::Open: Accessing file /alice/data/2018/OCDB/TPC/Calib/Distortion/Run0_999999999_v1_s0.root in SE <ALICE::FZK::SE>
I-TJAlienFile::Open: Accessing file /alice/data/2018/OCDB/TPC/Calib/DistortionMaps/Run294925_294925_v2_s0.root in SE <ALICE::FZK::SE>
I-TJAlienFile::Open: Accessing file /alice/data/2018/OCDB/TPC/Calib/DistortionMapsRef/Run294009_999999999_v8_s0.root in SE <ALICE::FZK::SE>
E-TJAlienConnectionManager: Connection is broken
I-TJAlien::Command: Trying to reconnect in 1 sec
I-TJAlienConnectionManager: Opening connection to JCentral. Please wait
I-TJAlienConnectionManager: Opening connection to 137.138.99.145
I-TJAlienConnectionManager: Successfully connected to 137.138.99.145
I-TJAlienFile::Open: Accessing file /alice/data/2018/OCDB/TPC/Calib/GainFactorDedx/Run0_999999999_v1_s0.root in SE <ALICE::FZK::SE>
I-TJAlienFile::Open: Accessing file /alice/data/2018/OCDB/TPC/Calib/GasComposition/Run294925_294925_v1_s0.root in SE <ALICE::FZK::SE>
I-TJAlienFile::Open: Accessing file /alice/data/2018/OCDB/TPC/Calib/Goofie/Run294925_294925_v2_s0.root in SE <ALICE::FZK::SE>
I-TJAlienFile::Open: Accessing file /alice/data/2018/OCDB/TPC/Calib/HighVoltage/Run294925_294925_v1_s0.root in SE <ALICE::FZK::SE>
I-TJAlienFile::Open: Accessing file /alice/data/2018/OCDB/TPC/Calib/IonTail/Run0_999999999_v1_s0.root in SE <ALICE::FZK::SE>
I-TJAlienFile::Open: Accessing file /alice/data/2018/OCDB/TPC/Calib/LaserTracks/Run0_999999999_v1_s0.root in SE <ALICE::FZK::SE>
I-TJAlienFile::Open: Accessing file /alice/data/2018/OCDB/TPC/Calib/Mapping/Run0_999999999_v1_s0.root in SE <ALICE::FZK::SE>
I-TJAlienFile::Open: Accessing file /alice/data/2018/OCDB/TPC/Calib/PadGainFactor/Run0_999999999_v1_s0.root in SE <ALICE::FZK::SE>
I-TJAlienFile::Open: Accessing file /alice/data/2018/OCDB/TPC/Calib/PadNoise/Run294860_999999999_v256_s0.root in SE <ALICE::FZK::SE>
I-TJAlienFile::Open: Accessing file /alice/data/2018/OCDB/TPC/Calib/PadTime0/Run0_999999999_v1_s0.root in SE <ALICE::FZK::SE>
I-TJAlienFile::Open: Accessing file /alice/data/2018/OCDB/TPC/Calib/Parameters/Run0_999999999_v3_s0.root in SE <ALICE::ISS::EOS>
I-TJAlienFile::Open: Accessing file /alice/data/2018/OCDB/TPC/Calib/Pedestals/Run294860_999999999_v256_s0.root in SE <ALICE::FZK::SE>
I-TJAlienFile::Open: Accessing file /alice/data/2018/OCDB/TPC/Calib/PidResponse/Run0_999999999_v1_s0.root in SE <ALICE::FZK::SE>
I-TJAlienFile::Open: Accessing file /alice/data/2018/OCDB/TPC/Calib/PreprocStatus/Run294925_294925_v1_s0.root in SE <ALICE::FZK::SE>
I-TJAlienFile::Open: Accessing file /alice/data/2018/OCDB/TPC/Calib/Pulser/Run294856_999999999_v256_s0.root in SE <ALICE::FZK::SE>
I-TJAlienFile::Open: Accessing file /alice/data/2018/OCDB/TPC/Calib/QA/Run294925_294925_v2_s0.root in SE <ALICE::FZK::SE>
I-TJAlienFile::Open: Accessing file /alice/data/2018/OCDB/TPC/Calib/Raw/Run294925_999999999_v1067_s0.root in SE <ALICE::FZK::SE>
I-CreateSnapshot: TPC/Calib/RecoParam has specific storage set, skip it in DefaultStorage
I-TJAlienFile::Open: Accessing file /alice/data/2018/OCDB/TPC/Calib/Ref/Run0_999999999_v1_s0.root in SE <ALICE::FZK::SE>
I-TJAlienFile::Open: Accessing file /alice/data/2018/OCDB/TPC/Calib/Temperature/Run294925_294925_v2_s0.root in SE <ALICE::FZK::SE>
I-TJAlienFile::Open: Accessing file /alice/data/2018/OCDB/TPC/Calib/TimeDrift/Run294925_294925_v3_s0.root in SE <ALICE::FZK::SE>
I-CreateSnapshot: TPC/Calib/TimeGain has specific storage set, skip it in DefaultStorage
I-TJAlienFile::Open: Accessing file /alice/data/2018/OCDB/TPC/Config/GasComposition/Run0_999999999_v1_s0.root in SE <ALICE::NIHAM::EOS>
W-AliCDBGrid::LoadTreeFromFile: Entry contains a TTree! Loading baskets...
I-TJAlienFile::Open: Accessing file /alice/data/2018/OCDB/TPC/Config/Goofie/Run0_999999999_v1_s0.root in SE <ALICE::FZK::SE>
W-AliCDBGrid::LoadTreeFromFile: Entry contains a TTree! Loading baskets...
I-TJAlienFile::Open: Accessing file /alice/data/2018/OCDB/TPC/Config/HighVoltage/Run0_999999999_v1_s0.root in SE <ALICE::FZK::SE>
W-AliCDBGrid::LoadTreeFromFile: Entry contains a TTree! Loading baskets...
I-TJAlienFile::Open: Accessing file /alice/data/2018/OCDB/TPC/Config/HighVoltageStat/Run0_999999999_v1_s0.root in SE <ALICE::FZK::SE>
W-AliCDBGrid::LoadTreeFromFile: Entry contains a TTree! Loading baskets...
I-TJAlienFile::Open: Accessing file /alice/data/2018/OCDB/TPC/Config/Preprocessor/Run0_999999999_v1_s0.root in SE <ALICE::NIHAM::EOS>
I-TJAlienFile::Open: Accessing file /alice/data/2018/OCDB/TPC/Config/Temperature/Run0_999999999_v1_s0.root in SE <ALICE::FZK::SE>
W-AliCDBGrid::LoadTreeFromFile: Entry contains a TTree! Loading baskets...
I-TJAlienFile::Open: Accessing file /alice/data/2018/OCDB/TRD/Align/Data/Run0_999999999_v1_s0.root in SE <ALICE::FZK::SE>
I-TJAlienFile::Open: Accessing file /alice/data/2018/OCDB/TRD/Calib/ChamberExB/Run294925_294925_v5_s0.root in SE <ALICE::FZK::SE>
I-TJAlienFile::Open: Accessing file /alice/data/2018/OCDB/TRD/Calib/ChamberGainFactor/Run294925_294925_v5_s0.root in SE <ALICE::FZK::SE>
I-TJAlienFile::Open: Accessing file /alice/data/2018/OCDB/TRD/Calib/ChamberStatus/Run294925_294925_v5_s0.root in SE <ALICE::FZK::SE>
I-TJAlienFile::Open: Accessing file /alice/data/2018/OCDB/TRD/Calib/ChamberT0/Run294925_294925_v5_s0.root in SE <ALICE::FZK::SE>
I-TJAlienFile::Open: Accessing file /alice/data/2018/OCDB/TRD/Calib/ChamberVdrift/Run294925_294925_v5_s0.root in SE <ALICE::FZK::SE>
I-TJAlienFile::Open: Accessing file /alice/data/2018/OCDB/TRD/Calib/DCS/Run294925_999999999_v1133_s0.root in SE <ALICE::FZK::SE>
I-TJAlienFile::Open: Accessing file /alice/data/2018/OCDB/TRD/Calib/DetNoise/Run293117_999999999_v15_s0.root in SE <ALICE::FZK::SE>
I-TJAlienFile::Open: Accessing file /alice/data/2018/OCDB/TRD/Calib/Gaintbl_Uniform_FGAN0_2011-01/Run0_999999999_v1_s0.root in SE <ALICE::FZK::SE>
I-TJAlienFile::Open: Accessing file /alice/data/2018/OCDB/TRD/Calib/Gaintbl_Uniform_FGAN0_2012-01/Run0_999999999_v1_s0.root in SE <ALICE::FZK::SE>
I-TJAlienFile::Open: Accessing file /alice/data/2018/OCDB/TRD/Calib/Gaintbl_Uniform_FGAN8_2011-01/Run0_999999999_v1_s0.root in SE <ALICE::FZK::SE>
I-TJAlienFile::Open: Accessing file /alice/data/2018/OCDB/TRD/Calib/Gaintbl_Uniform_FGAN8_2012-01/Run0_999999999_v1_s0.root in SE <ALICE::FZK::SE>
I-TJAlienFile::Open: Accessing file /alice/data/2018/OCDB/TRD/Calib/Krypton_2011-01/Run0_999999999_v1_s0.root in SE <ALICE::FZK::SE>
I-TJAlienFile::Open: Accessing file /alice/data/2018/OCDB/TRD/Calib/Krypton_2011-02/Run0_999999999_v1_s0.root in SE <ALICE::FZK::SE>
I-TJAlienFile::Open: Accessing file /alice/data/2018/OCDB/TRD/Calib/Krypton_2011-03/Run0_999999999_v1_s0.root in SE <ALICE::FZK::SE>
I-TJAlienFile::Open: Accessing file /alice/data/2018/OCDB/TRD/Calib/Krypton_2012-01/Run0_999999999_v1_s0.root in SE <ALICE::FZK::SE>
I-TJAlienFile::Open: Accessing file /alice/data/2018/OCDB/TRD/Calib/Krypton_2015-01/Run0_999999999_v1_s0.root in SE <ALICE::FZK::SE>
I-TJAlienFile::Open: Accessing file /alice/data/2018/OCDB/TRD/Calib/Krypton_2015-02/Run0_999999999_v1_s0.root in SE <ALICE::FZK::SE>
I-TJAlienFile::Open: Accessing file /alice/data/2018/OCDB/TRD/Calib/Krypton_2018-01/Run0_999999999_v1_s0.root in SE <ALICE::FZK::SE>
I-TJAlienFile::Open: Accessing file /alice/data/2018/OCDB/TRD/Calib/LocalGainFactor/Run288388_999999999_v4_s0.root in SE <ALICE::FZK::SE>
I-TJAlienFile::Open: Accessing file /alice/data/2018/OCDB/TRD/Calib/LocalT0/Run294925_294925_v5_s0.root in SE <ALICE::FZK::SE>
I-TJAlienFile::Open: Accessing file /alice/data/2018/OCDB/TRD/Calib/LocalVdrift/Run0_999999999_v1_s0.root in SE <ALICE::FZK::SE>
I-TJAlienFile::Open: Accessing file /alice/data/2018/OCDB/TRD/Calib/MonitoringData/Run0_999999999_v1_s0.root in SE <ALICE::FZK::SE>
I-TJAlienFile::Open: Accessing file /alice/data/2018/OCDB/TRD/Calib/PHQ/Run294925_294925_v5_s0.root in SE <ALICE::FZK::SE>
I-TJAlienFile::Open: Accessing file /alice/data/2018/OCDB/TRD/Calib/PIDLQ/Run0_999999999_v1_s0.root in SE <ALICE::FZK::SE>
I-TJAlienFile::Open: Accessing file /alice/data/2018/OCDB/TRD/Calib/PIDLQ1D/Run0_999999999_v1_s0.root in SE <ALICE::FZK::SE>
I-TJAlienFile::Open: Accessing file /alice/data/2018/OCDB/TRD/Calib/PIDNN/Run0_999999999_v1_s0.root in SE <ALICE::FZK::SE>
I-TJAlienFile::Open: Accessing file /alice/data/2018/OCDB/TRD/Calib/PIDThresholds/Run0_999999999_v1_s0.root in SE <ALICE::FZK::SE>
I-TJAlienFile::Open: Accessing file /alice/data/2018/OCDB/TRD/Calib/PRFWidth/Run0_999999999_v1_s0.root in SE <ALICE::FZK::SE>
I-TJAlienFile::Open: Accessing file /alice/data/2018/OCDB/TRD/Calib/PadNoise/Run293117_999999999_v15_s0.root in SE <ALICE::FZK::SE>
I-TJAlienFile::Open: Accessing file /alice/data/2018/OCDB/TRD/Calib/PadStatus/Run293117_999999999_v15_s0.root in SE <ALICE::FZK::SE>
I-TJAlienFile::Open: Accessing file /alice/data/2018/OCDB/TRD/Calib/RecoParam/Run0_999999999_v1_s0.root in SE <ALICE::NIHAM::EOS>
I-TJAlienFile::Open: Accessing file /alice/data/2018/OCDB/TRD/Calib/TrapConfig/Run0_999999999_v1_s0.root in SE <ALICE::FZK::SE>
I-TJAlienFile::Open: Accessing file /alice/data/2018/OCDB/TRD/Calib/TrkAttach/Run0_999999999_v1_s0.root in SE <ALICE::FZK::SE>
I-TJAlienFile::Open: Accessing file /alice/data/2018/OCDB/TRD/Calib/trd_chamberStatus/Run294925_294925_v1_s0.root in SE <ALICE::FZK::SE>
I-TJAlienFile::Open: Accessing file /alice/data/2018/OCDB/TRD/Calib/trd_envTemp/Run294925_294925_v1_s0.root in SE <ALICE::FZK::SE>
I-TJAlienFile::Open: Accessing file /alice/data/2018/OCDB/TRD/Calib/trd_gasCO2/Run294925_294925_v1_s0.root in SE <ALICE::FZK::SE>
I-TJAlienFile::Open: Accessing file /alice/data/2018/OCDB/TRD/Calib/trd_gasH2O/Run294925_294925_v1_s0.root in SE <ALICE::FZK::SE>
I-TJAlienFile::Open: Accessing file /alice/data/2018/OCDB/TRD/Calib/trd_gasO2/Run294925_294925_v1_s0.root in SE <ALICE::FZK::SE>
I-TJAlienFile::Open: Accessing file /alice/data/2018/OCDB/TRD/Calib/trd_gasOverpressure/Run294925_294925_v1_s0.root in SE <ALICE::FZK::SE>
I-TJAlienFile::Open: Accessing file /alice/data/2018/OCDB/TRD/Calib/trd_gaschromatographCO2/Run294925_294925_v1_s0.root in SE <ALICE::FZK::SE>
I-TJAlienFile::Open: Accessing file /alice/data/2018/OCDB/TRD/Calib/trd_gaschromatographN2/Run294925_294925_v1_s0.root in SE <ALICE::FZK::SE>
I-TJAlienFile::Open: Accessing file /alice/data/2018/OCDB/TRD/Calib/trd_gaschromatographXe/Run294925_294925_v1_s0.root in SE <ALICE::FZK::SE>
I-TJAlienFile::Open: Accessing file /alice/data/2018/OCDB/TRD/Calib/trd_goofieCO2/Run294925_294925_v1_s0.root in SE <ALICE::FZK::SE>
I-TJAlienFile::Open: Accessing file /alice/data/2018/OCDB/TRD/Calib/trd_goofieGain/Run294925_294925_v1_s0.root in SE <ALICE::FZK::SE>
I-TJAlienFile::Open: Accessing file /alice/data/2018/OCDB/TRD/Calib/trd_goofieHv/Run294925_294925_v1_s0.root in SE <ALICE::FZK::SE>
I-TJAlienFile::Open: Accessing file /alice/data/2018/OCDB/TRD/Calib/trd_goofieN2/Run294925_294925_v1_s0.root in SE <ALICE::FZK::SE>
I-TJAlienFile::Open: Accessing file /alice/data/2018/OCDB/TRD/Calib/trd_goofiePeakArea/Run294925_294925_v1_s0.root in SE <ALICE::FZK::SE>
I-TJAlienFile::Open: Accessing file /alice/data/2018/OCDB/TRD/Calib/trd_goofiePeakPos/Run294925_294925_v1_s0.root in SE <ALICE::FZK::SE>
I-TJAlienFile::Open: Accessing file /alice/data/2018/OCDB/TRD/Calib/trd_goofiePressure/Run294925_294925_v1_s0.root in SE <ALICE::FZK::SE>
I-TJAlienFile::Open: Accessing file /alice/data/2018/OCDB/TRD/Calib/trd_goofieTemp/Run294925_294925_v1_s0.root in SE <ALICE::FZK::SE>
I-TJAlienFile::Open: Accessing file /alice/data/2018/OCDB/TRD/Calib/trd_goofieVelocity/Run294925_294925_v1_s0.root in SE <ALICE::FZK::SE>
I-TJAlienFile::Open: Accessing file /alice/data/2018/OCDB/TRD/Calib/trd_hvAnodeImon/Run294925_294925_v1_s0.root in SE <ALICE::FZK::SE>
I-TJAlienFile::Open: Accessing file /alice/data/2018/OCDB/TRD/Calib/trd_hvAnodeUmon/Run294925_294925_v1_s0.root in SE <ALICE::FZK::SE>
I-TJAlienFile::Open: Accessing file /alice/data/2018/OCDB/TRD/Calib/trd_hvDriftImon/Run294925_294925_v1_s0.root in SE <ALICE::FZK::SE>
I-TJAlienFile::Open: Accessing file /alice/data/2018/OCDB/TRD/Calib/trd_hvDriftUmon/Run294925_294925_v1_s0.root in SE <ALICE::FZK::SE>
I-TJAlienFile::Open: Accessing file /alice/data/2018/OCDB/TRIGGER/SPD/PITConditions/Run294925_999999999_v975_s0.root in SE <ALICE::FZK::SE>
I-TJAlienFile::Open: Accessing file /alice/data/2018/OCDB/TRIGGER/TOF/TriggerMask/Run294925_999999999_v839_s0.root in SE <ALICE::FZK::SE>
I-TJAlienFile::Open: Accessing file /alice/data/2018/OCDB/VZERO/Align/Data/Run0_999999999_v1_s0.root in SE <ALICE::FZK::SE>
I-TJAlienFile::Open: Accessing file /alice/data/2018/OCDB/VZERO/Calib/Data/Run294925_999999999_v926_s0.root in SE <ALICE::FZK::SE>
I-TJAlienFile::Open: Accessing file /alice/data/2018/OCDB/VZERO/Calib/EqualizationFactors/Run294925_999999999_v926_s0.root in SE <ALICE::FZK::SE>
I-TJAlienFile::Open: Accessing file /alice/data/2018/OCDB/VZERO/Calib/LightYields/Run0_999999999_v1_s0.root in SE <ALICE::FZK::SE>
I-TJAlienFile::Open: Accessing file /alice/data/2018/OCDB/VZERO/Calib/PMGains/Run285008_999999999_v2_s0.root in SE <ALICE::FZK::SE>
I-TJAlienFile::Open: Accessing file /alice/data/2018/OCDB/VZERO/Calib/RecoParam/Run0_999999999_v1_s0.root in SE <ALICE::FZK::SE>
I-TJAlienFile::Open: Accessing file /alice/data/2018/OCDB/VZERO/Calib/Saturation/Run0_999999999_v1_s0.root in SE <ALICE::FZK::SE>
I-TJAlienFile::Open: Accessing file /alice/data/2018/OCDB/VZERO/Calib/Thresholds/Run0_999999999_v1_s0.root in SE <ALICE::FZK::SE>
I-TJAlienFile::Open: Accessing file /alice/data/2018/OCDB/VZERO/Calib/TimeDelays/Run0_999999999_v1_s0.root in SE <ALICE::FZK::SE>
I-TJAlienFile::Open: Accessing file /alice/data/2018/OCDB/VZERO/Calib/TimeSlewing/Run0_999999999_v1_s0.root in SE <ALICE::FZK::SE>
I-TJAlienFile::Open: Accessing file /alice/data/2018/OCDB/VZERO/Trigger/Data/Run294925_999999999_v926_s0.root in SE <ALICE::FZK::SE>
I-CreateSnapshot: ZDC/Align/Data has specific storage set, skip it in DefaultStorage
I-TJAlienFile::Open: Accessing file /alice/data/2018/OCDB/ZDC/Calib/ChMap/Run0_999999999_v1_s0.root in SE <ALICE::FZK::SE>
I-TJAlienFile::Open: Accessing file /alice/data/2018/OCDB/ZDC/Calib/EnergyCalib/Run0_999999999_v1_s0.root in SE <ALICE::FZK::SE>
I-TJAlienFile::Open: Accessing file /alice/data/2018/OCDB/ZDC/Calib/LaserCalib/Run283443_999999999_v8_s0.root in SE <ALICE::FZK::SE>
I-TJAlienFile::Open: Accessing file /alice/data/2018/OCDB/ZDC/Calib/MBCalib/Run0_999999999_v1_s0.root in SE <ALICE::FZK::SE>
I-CreateSnapshot: ZDC/Calib/Pedestals has specific storage set, skip it in DefaultStorage
I-TJAlienFile::Open: Accessing file /alice/data/2018/OCDB/ZDC/Calib/RecoParam/Run0_999999999_v1_s0.root in SE <ALICE::FZK::SE>
I-TJAlienFile::Open: Accessing file /alice/data/2018/OCDB/ZDC/Calib/SaturationCalib/Run0_999999999_v1_s0.root in SE <ALICE::FZK::SE>
I-TJAlienFile::Open: Accessing file /alice/data/2018/OCDB/ZDC/Calib/TDCCalib/Run294923_999999999_v94_s0.root in SE <ALICE::FZK::SE>
I-TJAlienFile::Open: Accessing file /alice/data/2018/OCDB/ZDC/Calib/TowerCalib/Run0_999999999_v1_s0.root in SE <ALICE::FZK::SE>
CreateSnapshot: Processing specific storages
I-TJAlienFile::Open: Accessing file /alice/simulation/2008/v4-15-Release/Ideal/ITS/Align/Data/Run0_999999999_v4_s0.root in SE <ALICE::LEGNARO::SE>
I-TJAlienFile::Open: Accessing file /alice/simulation/2008/v4-15-Release/Ideal/ZDC/Calib/Pedestals/Run0_999999999_v4_s0.root in SE <ALICE::LEGNARO::SE>
I-TJAlienFile::Open: Accessing file /alice/simulation/2008/v4-15-Release/Ideal/ZDC/Align/Data/Run0_999999999_v1_s0.root in SE <ALICE::LEGNARO::SE>
I-TJAlienFile::Open: Accessing file /alice/simulation/2008/v4-15-Release/Ideal/TPC/Calib/ClusterParam/Run283361_999999999_v5_s0.root in SE <ALICE::ISS::EOS>
I-TJAlienFile::Open: Accessing file /alice/simulation/2008/v4-15-Release/Full/MUON/Align/Data/Run293357_294925_v13_s0.root in SE <ALICE::FZK::SE>
I-TJAlienFile::Open: Accessing file /alice/simulation/2008/v4-15-Release/Ideal/TPC/Calib/TimeGain/Run0_999999999_v1_s0.root in SE <ALICE::LEGNARO::SE>
I-TJAlienFile::Open: Accessing file /alice/simulation/2008/v4-15-Release/Ideal/TPC/Calib/Correction/Run0_999999999_v2_s0.root in SE <ALICE::LEGNARO::SE>
I-TJAlienFile::Open: Accessing file /alice/simulation/2008/v4-15-Release/Full/ITS/Calib/SPDSparseDead/Run283616_295232_v5_s0.root in SE <ALICE::FZK::SE>
I-AliCDBManager::DumpToSnapshotFile: Dumping entriesMap (entries'cache) with 317 entries!

I-AliCDBManager::DumpToSnapshotFile: Dumping entriesList with 317 entries!

Real time 0:13:17, CP time 33.060
