create supercls: 1
  with min seed energy: 5.0 GeV
  radius parameter: 5.0 cm
cut on min cl energy: 10.0 GeV
cut on min cl pair mass: 0.0 GeV/c^2
match directly: 0
**************************************

analyzing 1000 events:
Ev 1:
  summed cls: 0
  identified supercls: 0
  after energy cut: 0
Ev 2:
  summed cls: 2
  identified supercls: 1
  after energy cut: 1
Ev 3:
  summed cls: 1
  identified supercls: 1
  after energy cut: 1
Ev 4:
  summed cls: 2
  identified supercls: 2
  after energy cut: 2
Ev 5:
  summed cls: 2
  identified supercls: 1
  after energy cut: 1
Ev 6:
  summed cls: 2
  identified supercls: 1
  after energy cut: 1
Ev 7:
  summed cls: 2
  identified supercls: 2
  after energy cut: 2
Ev 8:
  summed cls: 0
  identified supercls: 0
  after energy cut: 0
Ev 9:
  summed cls: 2
  identified supercls: 2
  after energy cut: 2
Ev 10:
  summed cls: 2
  identified supercls: 2
  after energy cut: 2
Ev 11:
  summed cls: 2
  identified supercls: 1
  after energy cut: 1
Ev 12:
  summed cls: 1
  identified supercls: 1
  after energy cut: 1
Ev 13:
  summed cls: 0
  identified supercls: 0
  after energy cut: 0
Ev 14:
  summed cls: 1
  identified supercls: 1
  after energy cut: 1
Ev 15:
  summed cls: 2
  identified supercls: 2
  after energy cut: 2
Ev 16:
  summed cls: 2
  identified supercls: 2
  after energy cut: 1
Ev 17:
  summed cls: 2
  identified supercls: 2
  after energy cut: 2
Ev 18:
  summed cls: 2
  identified supercls: 2
  after energy cut: 2
Ev 19:
  summed cls: 1
  identified supercls: 1
  after energy cut: 1
Ev 20:
  summed cls: 3
  identified supercls: 2
  after energy cut: 2
Ev 21:
  summed cls: 2
  identified supercls: 2
  after energy cut: 2
Ev 22:
  summed cls: 1
  identified supercls: 1
  after energy cut: 1
Ev 23:
  summed cls: 1
  identified supercls: 1
  after energy cut: 0
Ev 24:
  summed cls: 1
  identified supercls: 1
  after energy cut: 1
Ev 25:
  summed cls: 1
  identified supercls: 1
  after energy cut: 1
Ev 26:
  summed cls: 0
  identified supercls: 0
  after energy cut: 0
Ev 27:
  summed cls: 1
  identified supercls: 1
  after energy cut: 1
Ev 28:
  summed cls: 4
  identified supercls: 2
  after energy cut: 2
Ev 29:
  summed cls: 3
  identified supercls: 1
  after energy cut: 1
Ev 30:
  summed cls: 2
  identified supercls: 1
  after energy cut: 1
Ev 31:
  summed cls: 0
  identified supercls: 0
  after energy cut: 0
Ev 32:
  summed cls: 2
  identified supercls: 2
  after energy cut: 2
Ev 33:
  summed cls: 2
  identified supercls: 2
  after energy cut: 2
Ev 34:
  summed cls: 2
  identified supercls: 2
  after energy cut: 2
Ev 35:
  summed cls: 1
  identified supercls: 1
  after energy cut: 1
Ev 36:
  summed cls: 2
  identified supercls: 2
  after energy cut: 2
Ev 37:
  summed cls: 2
  identified supercls: 1
  after energy cut: 1
Ev 38:
  summed cls: 2
  identified supercls: 2
  after energy cut: 2
Ev 39:
  summed cls: 1
  identified supercls: 1
  after energy cut: 1
Ev 40:
  summed cls: 0
  identified supercls: 0
  after energy cut: 0
Ev 41:
  summed cls: 0
  identified supercls: 0
  after energy cut: 0
Ev 42:
  summed cls: 2
  identified supercls: 2
  after energy cut: 2
Ev 43:
  summed cls: 3
  identified supercls: 2
  after energy cut: 2
Ev 44:
  summed cls: 1
  identified supercls: 1
  after energy cut: 1
Ev 45:
  summed cls: 3
  identified supercls: 2
  after energy cut: 2
Ev 46:
  summed cls: 1
  identified supercls: 1
  after energy cut: 1
Ev 47:
  summed cls: 3
  identified supercls: 2
  after energy cut: 2
Ev 48:
  summed cls: 1
  identified supercls: 1
  after energy cut: 1
Ev 49:
  summed cls: 1
  identified supercls: 1
  after energy cut: 1
Ev 50:
  summed cls: 1
  identified supercls: 1
  after energy cut: 1
Ev 51:
  summed cls: 1
  identified supercls: 1
  after energy cut: 1
Ev 52:
  summed cls: 2
  identified supercls: 2
  after energy cut: 2
Ev 53:
  summed cls: 1
  identified supercls: 1
  after energy cut: 1
Ev 54:
  summed cls: 3
  identified supercls: 1
  after energy cut: 1
Ev 55:
  summed cls: 1
  identified supercls: 1
  after energy cut: 1
Ev 56:
  summed cls: 0
  identified supercls: 0
  after energy cut: 0
Ev 57:
  summed cls: 2
  identified supercls: 1
  after energy cut: 1
Ev 58:
  summed cls: 2
  identified supercls: 1
  after energy cut: 1
Ev 59:
  summed cls: 3
  identified supercls: 2
  after energy cut: 2
Ev 60:
  summed cls: 0
  identified supercls: 0
  after energy cut: 0
Ev 61:
  summed cls: 1
  identified supercls: 0
  after energy cut: 0
Ev 62:
  summed cls: 1
  identified supercls: 1
  after energy cut: 1
Ev 63:
  summed cls: 2
  identified supercls: 2
  after energy cut: 2
Ev 64:
  summed cls: 3
  identified supercls: 2
  after energy cut: 2
Ev 65:
  summed cls: 0
  identified supercls: 0
  after energy cut: 0
Ev 66:
  summed cls: 1
  identified supercls: 1
  after energy cut: 1
Ev 67:
  summed cls: 2
  identified supercls: 1
  after energy cut: 1
Ev 68:
  summed cls: 3
  identified supercls: 2
  after energy cut: 2
Ev 69:
  summed cls: 3
  identified supercls: 2
  after energy cut: 2
Ev 70:
  summed cls: 2
  identified supercls: 2
  after energy cut: 2
Ev 71:
  summed cls: 2
  identified supercls: 1
  after energy cut: 1
Ev 72:
  summed cls: 3
  identified supercls: 2
  after energy cut: 2
Ev 73:
  summed cls: 1
  identified supercls: 1
  after energy cut: 1
Ev 74:
  summed cls: 2
  identified supercls: 2
  after energy cut: 2
Ev 75:
  summed cls: 2
  identified supercls: 1
  after energy cut: 1
Ev 76:
  summed cls: 0
  identified supercls: 0
  after energy cut: 0
Ev 77:
  summed cls: 3
  identified supercls: 2
  after energy cut: 2
Ev 78:
  summed cls: 1
  identified supercls: 0
  after energy cut: 0
Ev 79:
  summed cls: 1
  identified supercls: 1
  after energy cut: 1
Ev 80:
  summed cls: 1
  identified supercls: 1
  after energy cut: 1
Ev 81:
  summed cls: 0
  identified supercls: 0
  after energy cut: 0
Ev 82:
  summed cls: 1
  identified supercls: 1
  after energy cut: 1
Ev 83:
  summed cls: 1
  identified supercls: 1
  after energy cut: 1
Ev 84:
  summed cls: 1
  identified supercls: 1
  after energy cut: 1
Ev 85:
  summed cls: 1
  identified supercls: 1
  after energy cut: 1
Ev 86:
  summed cls: 2
  identified supercls: 1
  after energy cut: 1
Ev 87:
  summed cls: 2
  identified supercls: 2
  after energy cut: 2
Ev 88:
  summed cls: 1
  identified supercls: 1
  after energy cut: 1
Ev 89:
  summed cls: 4
  identified supercls: 2
  after energy cut: 2
Ev 90:
  summed cls: 2
  identified supercls: 2
  after energy cut: 2
Ev 91:
  summed cls: 2
  identified supercls: 1
  after energy cut: 1
Ev 92:
  summed cls: 3
  identified supercls: 2
  after energy cut: 2
Ev 93:
  summed cls: 2
  identified supercls: 2
  after energy cut: 2
Ev 94:
  summed cls: 0
  identified supercls: 0
  after energy cut: 0
Ev 95:
  summed cls: 1
  identified supercls: 1
  after energy cut: 1
Ev 96:
  summed cls: 4
  identified supercls: 2
  after energy cut: 2
Ev 97:
  summed cls: 1
  identified supercls: 1
  after energy cut: 1
Ev 98:
  summed cls: 1
  identified supercls: 1
  after energy cut: 1
Ev 99:
  summed cls: 1
  identified supercls: 1
  after energy cut: 1
Ev 100:
  summed cls: 1
  identified supercls: 1
  after energy cut: 1
Ev 101:
  summed cls: 1
  identified supercls: 1
  after energy cut: 1
Ev 102:
  summed cls: 0
  identified supercls: 0
  after energy cut: 0
Ev 103:
  summed cls: 2
  identified supercls: 1
  after energy cut: 1
Ev 104:
  summed cls: 1
  identified supercls: 1
  after energy cut: 1
Ev 105:
  summed cls: 2
  identified supercls: 2
  after energy cut: 2
Ev 106:
  summed cls: 2
  identified supercls: 1
  after energy cut: 1
Ev 107:
  summed cls: 1
  identified supercls: 1
  after energy cut: 1
Ev 108:
  summed cls: 2
  identified supercls: 2
  after energy cut: 2
Ev 109:
  summed cls: 5
  identified supercls: 2
  after energy cut: 2
Ev 110:
  summed cls: 0
  identified supercls: 0
  after energy cut: 0
Ev 111:
  summed cls: 4
  identified supercls: 2
  after energy cut: 2
Ev 112:
  summed cls: 0
  identified supercls: 0
  after energy cut: 0
Ev 113:
  summed cls: 1
  identified supercls: 1
  after energy cut: 1
Ev 114:
  summed cls: 3
  identified supercls: 2
  after energy cut: 2
Ev 115:
  summed cls: 4
  identified supercls: 2
  after energy cut: 2
Ev 116:
  summed cls: 1
  identified supercls: 1
  after energy cut: 1
Ev 117:
  summed cls: 1
  identified supercls: 1
  after energy cut: 1
Ev 118:
  summed cls: 1
  identified supercls: 0
  after energy cut: 0
Ev 119:
  summed cls: 1
  identified supercls: 1
  after energy cut: 1
Ev 120:
  summed cls: 2
  identified supercls: 2
  after energy cut: 2
Ev 121:
  summed cls: 2
  identified supercls: 1
  after energy cut: 1
Ev 122:
  summed cls: 0
  identified supercls: 0
  after energy cut: 0
Ev 123:
  summed cls: 1
  identified supercls: 1
  after energy cut: 1
Ev 124:
  summed cls: 0
  identified supercls: 0
  after energy cut: 0
Ev 125:
  summed cls: 1
  identified supercls: 1
  after energy cut: 1
Ev 126:
  summed cls: 3
  identified supercls: 2
  after energy cut: 2
Ev 127:
  summed cls: 1
  identified supercls: 1
  after energy cut: 1
Ev 128:
  summed cls: 4
  identified supercls: 2
  after energy cut: 2
Ev 129:
  summed cls: 1
  identified supercls: 1
  after energy cut: 1
Ev 130:
  summed cls: 2
  identified supercls: 1
  after energy cut: 1
Ev 131:
  summed cls: 2
  identified supercls: 2
  after energy cut: 2
Ev 132:
  summed cls: 1
  identified supercls: 1
  after energy cut: 1
Ev 133:
  summed cls: 2
  identified supercls: 2
  after energy cut: 2
Ev 134:
  summed cls: 2
  identified supercls: 2
  after energy cut: 2
Ev 135:
  summed cls: 1
  identified supercls: 1
  after energy cut: 1
Ev 136:
  summed cls: 1
  identified supercls: 1
  after energy cut: 1
Ev 137:
  summed cls: 0
  identified supercls: 0
  after energy cut: 0
Ev 138:
  summed cls: 2
  identified supercls: 1
  after energy cut: 1
Ev 139:
  summed cls: 2
  identified supercls: 1
  after energy cut: 1
Ev 140:
  summed cls: 2
  identified supercls: 2
  after energy cut: 2
Ev 141:
  summed cls: 3
  identified supercls: 2
  after energy cut: 2
Ev 142:
  summed cls: 2
  identified supercls: 2
  after energy cut: 2
Ev 143:
  summed cls: 2
  identified supercls: 2
  after energy cut: 1
Ev 144:
  summed cls: 2
  identified supercls: 1
  after energy cut: 1
Ev 145:
  summed cls: 1
  identified supercls: 1
  after energy cut: 1
Ev 146:
  summed cls: 1
  identified supercls: 1
  after energy cut: 1
Ev 147:
  summed cls: 2
  identified supercls: 1
  after energy cut: 1
Ev 148:
  summed cls: 4
  identified supercls: 2
  after energy cut: 2
Ev 149:
  summed cls: 2
  identified supercls: 2
  after energy cut: 2
Ev 150:
  summed cls: 2
  identified supercls: 1
  after energy cut: 1
Ev 151:
  summed cls: 2
  identified supercls: 2
  after energy cut: 2
Ev 152:
  summed cls: 1
  identified supercls: 1
  after energy cut: 1
Ev 153:
  summed cls: 1
  identified supercls: 1
  after energy cut: 1
Ev 154:
  summed cls: 0
  identified supercls: 0
  after energy cut: 0
Ev 155:
  summed cls: 4
  identified supercls: 2
  after energy cut: 2
Ev 156:
  summed cls: 2
  identified supercls: 2
  after energy cut: 1
Ev 157:
  summed cls: 4
  identified supercls: 2
  after energy cut: 2
Ev 158:
  summed cls: 1
  identified supercls: 1
  after energy cut: 1
Ev 159:
  summed cls: 4
  identified supercls: 2
  after energy cut: 2
Ev 160:
  summed cls: 2
  identified supercls: 2
  after energy cut: 2
Ev 161:
  summed cls: 2
  identified supercls: 2
  after energy cut: 2
Ev 162:
  summed cls: 1
  identified supercls: 0
  after energy cut: 0
Ev 163:
  summed cls: 1
  identified supercls: 1
  after energy cut: 1
Ev 164:
  summed cls: 0
  identified supercls: 0
  after energy cut: 0
Ev 165:
  summed cls: 3
  identified supercls: 2
  after energy cut: 2
Ev 166:
  summed cls: 1
  identified supercls: 1
  after energy cut: 0
Ev 167:
  summed cls: 0
  identified supercls: 0
  after energy cut: 0
Ev 168:
  summed cls: 2
  identified supercls: 2
  after energy cut: 2
Ev 169:
  summed cls: 3
  identified supercls: 2
  after energy cut: 2
Ev 170:
  summed cls: 4
  identified supercls: 2
  after energy cut: 2
Ev 171:
  summed cls: 3
  identified supercls: 2
  after energy cut: 2
Ev 172:
  summed cls: 2
  identified supercls: 1
  after energy cut: 0
Ev 173:
  summed cls: 1
  identified supercls: 1
  after energy cut: 1
Ev 174:
  summed cls: 1
  identified supercls: 1
  after energy cut: 0
Ev 175:
  summed cls: 2
  identified supercls: 1
  after energy cut: 1
Ev 176:
  summed cls: 1
  identified supercls: 1
  after energy cut: 0
Ev 177:
  summed cls: 5
  identified supercls: 2
  after energy cut: 2
Ev 178:
  summed cls: 0
  identified supercls: 0
  after energy cut: 0
Ev 179:
  summed cls: 3
  identified supercls: 2
  after energy cut: 2
Ev 180:
  summed cls: 3
  identified supercls: 1
  after energy cut: 1
Ev 181:
  summed cls: 2
  identified supercls: 2
  after energy cut: 2
Ev 182:
  summed cls: 3
  identified supercls: 2
  after energy cut: 2
Ev 183:
  summed cls: 1
  identified supercls: 1
  after energy cut: 1
Ev 184:
  summed cls: 2
  identified supercls: 2
  after energy cut: 2
Ev 185:
  summed cls: 1
  identified supercls: 1
  after energy cut: 1
Ev 186:
  summed cls: 1
  identified supercls: 1
  after energy cut: 1
Ev 187:
  summed cls: 1
  identified supercls: 1
  after energy cut: 1
Ev 188:
  summed cls: 1
  identified supercls: 1
  after energy cut: 1
Ev 189:
  summed cls: 5
  identified supercls: 2
  after energy cut: 2
Ev 190:
  summed cls: 4
  identified supercls: 3
  after energy cut: 3
Ev 191:
  summed cls: 3
  identified supercls: 2
  after energy cut: 2
Ev 192:
  summed cls: 0
  identified supercls: 0
  after energy cut: 0
Ev 193:
  summed cls: 1
  identified supercls: 1
  after energy cut: 1
Ev 194:
  summed cls: 0
  identified supercls: 0
  after energy cut: 0
Ev 195:
  summed cls: 1
  identified supercls: 1
  after energy cut: 1
Ev 196:
  summed cls: 1
  identified supercls: 1
  after energy cut: 1
Ev 197:
  summed cls: 0
  identified supercls: 0
  after energy cut: 0
Ev 198:
  summed cls: 3
  identified supercls: 2
  after energy cut: 1
Ev 199:
  summed cls: 2
  identified supercls: 1
  after energy cut: 1
Ev 200:
  summed cls: 1
  identified supercls: 1
  after energy cut: 1
Ev 201:
  summed cls: 2
  identified supercls: 2
  after energy cut: 2
Ev 202:
  summed cls: 1
  identified supercls: 1
  after energy cut: 1
Ev 203:
  summed cls: 0
  identified supercls: 0
  after energy cut: 0
Ev 204:
  summed cls: 0
  identified supercls: 0
  after energy cut: 0
Ev 205:
  summed cls: 0
  identified supercls: 0
  after energy cut: 0
Ev 206:
  summed cls: 2
  identified supercls: 2
  after energy cut: 2
Ev 207:
  summed cls: 3
  identified supercls: 2
  after energy cut: 2
Ev 208:
  summed cls: 1
  identified supercls: 1
  after energy cut: 1
Ev 209:
  summed cls: 2
  identified supercls: 1
  after energy cut: 1
Ev 210:
  summed cls: 2
  identified supercls: 1
  after energy cut: 1
Ev 211:
  summed cls: 1
  identified supercls: 0
  after energy cut: 0
Ev 212:
  summed cls: 1
  identified supercls: 1
  after energy cut: 1
Ev 213:
  summed cls: 2
  identified supercls: 2
  after energy cut: 2
Ev 214:
  summed cls: 1
  identified supercls: 1
  after energy cut: 1
Ev 215:
  summed cls: 1
  identified supercls: 1
  after energy cut: 1
Ev 216:
  summed cls: 1
  identified supercls: 1
  after energy cut: 1
Ev 217:
  summed cls: 1
  identified supercls: 1
  after energy cut: 1
Ev 218:
  summed cls: 1
  identified supercls: 1
  after energy cut: 1
Ev 219:
  summed cls: 3
  identified supercls: 2
  after energy cut: 2
Ev 220:
  summed cls: 3
  identified supercls: 2
  after energy cut: 2
Ev 221:
  summed cls: 2
  identified supercls: 1
  after energy cut: 1
Ev 222:
  summed cls: 1
  identified supercls: 1
  after energy cut: 1
Ev 223:
  summed cls: 3
  identified supercls: 2
  after energy cut: 2
Ev 224:
  summed cls: 2
  identified supercls: 1
  after energy cut: 1
Ev 225:
  summed cls: 3
  identified supercls: 2
  after energy cut: 2
Ev 226:
  summed cls: 1
  identified supercls: 1
  after energy cut: 1
Ev 227:
  summed cls: 0
  identified supercls: 0
  after energy cut: 0
Ev 228:
  summed cls: 0
  identified supercls: 0
  after energy cut: 0
Ev 229:
  summed cls: 2
  identified supercls: 2
  after energy cut: 2
Ev 230:
  summed cls: 0
  identified supercls: 0
  after energy cut: 0
Ev 231:
  summed cls: 3
  identified supercls: 2
  after energy cut: 2
Ev 232:
  summed cls: 3
  identified supercls: 2
  after energy cut: 2
Ev 233:
  summed cls: 3
  identified supercls: 2
  after energy cut: 2
Ev 234:
  summed cls: 2
  identified supercls: 2
  after energy cut: 2
Ev 235:
  summed cls: 2
  identified supercls: 2
  after energy cut: 2
Ev 236:
  summed cls: 1
  identified supercls: 1
  after energy cut: 1
Ev 237:
  summed cls: 1
  identified supercls: 1
  after energy cut: 1
Ev 238:
  summed cls: 3
  identified supercls: 2
  after energy cut: 2
Ev 239:
  summed cls: 2
  identified supercls: 1
  after energy cut: 1
Ev 240:
  summed cls: 0
  identified supercls: 0
  after energy cut: 0
Ev 241:
  summed cls: 1
  identified supercls: 1
  after energy cut: 1
Ev 242:
  summed cls: 2
  identified supercls: 2
  after energy cut: 1
Ev 243:
  summed cls: 0
  identified supercls: 0
  after energy cut: 0
Ev 244:
  summed cls: 1
  identified supercls: 1
  after energy cut: 1
Ev 245:
  summed cls: 1
  identified supercls: 1
  after energy cut: 1
Ev 246:
  summed cls: 3
  identified supercls: 1
  after energy cut: 1
Ev 247:
  summed cls: 1
  identified supercls: 1
  after energy cut: 1
Ev 248:
  summed cls: 2
  identified supercls: 2
  after energy cut: 1
Ev 249:
  summed cls: 1
  identified supercls: 1
  after energy cut: 1
Ev 250:
  summed cls: 2
  identified supercls: 1
  after energy cut: 1
Ev 251:
  summed cls: 1
  identified supercls: 1
  after energy cut: 1
Ev 252:
  summed cls: 1
  identified supercls: 1
  after energy cut: 1
Ev 253:
  summed cls: 3
  identified supercls: 2
  after energy cut: 2
Ev 254:
  summed cls: 1
  identified supercls: 1
  after energy cut: 1
Ev 255:
  summed cls: 2
  identified supercls: 2
  after energy cut: 1
Ev 256:
  summed cls: 2
  identified supercls: 1
  after energy cut: 1
Ev 257:
  summed cls: 1
  identified supercls: 1
  after energy cut: 1
Ev 258:
  summed cls: 3
  identified supercls: 2
  after energy cut: 2
Ev 259:
  summed cls: 0
  identified supercls: 0
  after energy cut: 0
Ev 260:
  summed cls: 2
  identified supercls: 2
  after energy cut: 1
Ev 261:
  summed cls: 3
  identified supercls: 1
  after energy cut: 1
Ev 262:
  summed cls: 1
  identified supercls: 1
  after energy cut: 1
Ev 263:
  summed cls: 1
  identified supercls: 1
  after energy cut: 1
Ev 264:
  summed cls: 2
  identified supercls: 1
  after energy cut: 1
Ev 265:
  summed cls: 3
  identified supercls: 1
  after energy cut: 1
Ev 266:
  summed cls: 1
  identified supercls: 1
  after energy cut: 1
Ev 267:
  summed cls: 3
  identified supercls: 2
  after energy cut: 1
Ev 268:
  summed cls: 1
  identified supercls: 1
  after energy cut: 1
Ev 269:
  summed cls: 2
  identified supercls: 2
  after energy cut: 2
Ev 270:
  summed cls: 2
  identified supercls: 1
  after energy cut: 1
Ev 271:
  summed cls: 2
  identified supercls: 2
  after energy cut: 2
Ev 272:
  summed cls: 0
  identified supercls: 0
  after energy cut: 0
Ev 273:
  summed cls: 3
  identified supercls: 1
  after energy cut: 1
Ev 274:
  summed cls: 3
  identified supercls: 2
  after energy cut: 2
Ev 275:
  summed cls: 4
  identified supercls: 3
  after energy cut: 2
Ev 276:
  summed cls: 4
  identified supercls: 2
  after energy cut: 2
Ev 277:
  summed cls: 0
  identified supercls: 0
  after energy cut: 0
Ev 278:
  summed cls: 2
  identified supercls: 2
  after energy cut: 2
Ev 279:
  summed cls: 0
  identified supercls: 0
  after energy cut: 0
Ev 280:
  summed cls: 2
  identified supercls: 2
  after energy cut: 2
Ev 281:
  summed cls: 2
  identified supercls: 2
  after energy cut: 2
Ev 282:
  summed cls: 2
  identified supercls: 2
  after energy cut: 2
Ev 283:
  summed cls: 1
  identified supercls: 1
  after energy cut: 1
Ev 284:
  summed cls: 2
  identified supercls: 2
  after energy cut: 2
Ev 285:
  summed cls: 2
  identified supercls: 2
  after energy cut: 2
Ev 286:
  summed cls: 1
  identified supercls: 1
  after energy cut: 1
Ev 287:
  summed cls: 1
  identified supercls: 1
  after energy cut: 1
Ev 288:
  summed cls: 1
  identified supercls: 1
  after energy cut: 1
Ev 289:
  summed cls: 2
  identified supercls: 2
  after energy cut: 2
Ev 290:
  summed cls: 1
  identified supercls: 1
  after energy cut: 1
Ev 291:
  summed cls: 3
  identified supercls: 2
  after energy cut: 2
Ev 292:
  summed cls: 0
  identified supercls: 0
  after energy cut: 0
Ev 293:
  summed cls: 1
  identified supercls: 1
  after energy cut: 1
Ev 294:
  summed cls: 2
  identified supercls: 2
  after energy cut: 2
Ev 295:
  summed cls: 3
  identified supercls: 2
  after energy cut: 2
Ev 296:
  summed cls: 0
  identified supercls: 0
  after energy cut: 0
Ev 297:
  summed cls: 3
  identified supercls: 2
  after energy cut: 2
Ev 298:
  summed cls: 5
  identified supercls: 2
  after energy cut: 2
Ev 299:
  summed cls: 1
  identified supercls: 1
  after energy cut: 1
Ev 300:
  summed cls: 0
  identified supercls: 0
  after energy cut: 0
Ev 301:
  summed cls: 0
  identified supercls: 0
  after energy cut: 0
Ev 302:
  summed cls: 1
  identified supercls: 1
  after energy cut: 1
Ev 303:
  summed cls: 1
  identified supercls: 1
  after energy cut: 1
Ev 304:
  summed cls: 2
  identified supercls: 2
  after energy cut: 2
Ev 305:
  summed cls: 1
  identified supercls: 1
  after energy cut: 1
Ev 306:
  summed cls: 1
  identified supercls: 1
  after energy cut: 1
Ev 307:
  summed cls: 3
  identified supercls: 2
  after energy cut: 2
Ev 308:
  summed cls: 2
  identified supercls: 2
  after energy cut: 2
Ev 309:
  summed cls: 0
  identified supercls: 0
  after energy cut: 0
Ev 310:
  summed cls: 1
  identified supercls: 1
  after energy cut: 1
Ev 311:
  summed cls: 4
  identified supercls: 2
  after energy cut: 2
Ev 312:
  summed cls: 2
  identified supercls: 2
  after energy cut: 2
Ev 313:
  summed cls: 1
  identified supercls: 1
  after energy cut: 1
Ev 314:
  summed cls: 1
  identified supercls: 1
  after energy cut: 1
Ev 315:
  summed cls: 1
  identified supercls: 0
  after energy cut: 0
Ev 316:
  summed cls: 1
  identified supercls: 1
  after energy cut: 1
Ev 317:
  summed cls: 1
  identified supercls: 1
  after energy cut: 1
Ev 318:
  summed cls: 2
  identified supercls: 2
  after energy cut: 2
Ev 319:
  summed cls: 2
  identified supercls: 2
  after energy cut: 2
Ev 320:
  summed cls: 2
  identified supercls: 2
  after energy cut: 2
Ev 321:
  summed cls: 3
  identified supercls: 2
  after energy cut: 2
Ev 322:
  summed cls: 4
  identified supercls: 2
  after energy cut: 2
Ev 323:
  summed cls: 1
  identified supercls: 1
  after energy cut: 1
Ev 324:
  summed cls: 1
  identified supercls: 1
  after energy cut: 1
Ev 325:
  summed cls: 1
  identified supercls: 1
  after energy cut: 1
Ev 326:
  summed cls: 0
  identified supercls: 0
  after energy cut: 0
Ev 327:
  summed cls: 3
  identified supercls: 1
  after energy cut: 1
Ev 328:
  summed cls: 2
  identified supercls: 2
  after energy cut: 2
Ev 329:
  summed cls: 0
  identified supercls: 0
  after energy cut: 0
Ev 330:
  summed cls: 2
  identified supercls: 2
  after energy cut: 2
Ev 331:
  summed cls: 2
  identified supercls: 1
  after energy cut: 1
Ev 332:
  summed cls: 2
  identified supercls: 2
  after energy cut: 2
Ev 333:
  summed cls: 1
  identified supercls: 1
  after energy cut: 1
Ev 334:
  summed cls: 1
  identified supercls: 1
  after energy cut: 1
Ev 335:
  summed cls: 0
  identified supercls: 0
  after energy cut: 0
Ev 336:
  summed cls: 2
  identified supercls: 2
  after energy cut: 2
Ev 337:
  summed cls: 2
  identified supercls: 1
  after energy cut: 1
Ev 338:
  summed cls: 1
  identified supercls: 1
  after energy cut: 1
Ev 339:
  summed cls: 1
  identified supercls: 1
  after energy cut: 1
Ev 340:
  summed cls: 2
  identified supercls: 2
  after energy cut: 2
Ev 341:
  summed cls: 1
  identified supercls: 1
  after energy cut: 1
Ev 342:
  summed cls: 2
  identified supercls: 2
  after energy cut: 2
Ev 343:
  summed cls: 1
  identified supercls: 1
  after energy cut: 0
Ev 344:
  summed cls: 3
  identified supercls: 1
  after energy cut: 1
Ev 345:
  summed cls: 2
  identified supercls: 2
  after energy cut: 2
Ev 346:
  summed cls: 4
  identified supercls: 2
  after energy cut: 2
Ev 347:
  summed cls: 1
  identified supercls: 1
  after energy cut: 1
Ev 348:
  summed cls: 2
  identified supercls: 1
  after energy cut: 1
Ev 349:
  summed cls: 1
  identified supercls: 1
  after energy cut: 1
Ev 350:
  summed cls: 0
  identified supercls: 0
  after energy cut: 0
Ev 351:
  summed cls: 1
  identified supercls: 1
  after energy cut: 1
Ev 352:
  summed cls: 1
  identified supercls: 1
  after energy cut: 1
Ev 353:
  summed cls: 3
  identified supercls: 2
  after energy cut: 2
Ev 354:
  summed cls: 1
  identified supercls: 1
  after energy cut: 1
Ev 355:
  summed cls: 1
  identified supercls: 1
  after energy cut: 1
Ev 356:
  summed cls: 2
  identified supercls: 1
  after energy cut: 1
Ev 357:
  summed cls: 0
  identified supercls: 0
  after energy cut: 0
Ev 358:
  summed cls: 5
  identified supercls: 2
  after energy cut: 2
Ev 359:
  summed cls: 2
  identified supercls: 2
  after energy cut: 2
Ev 360:
  summed cls: 3
  identified supercls: 2
  after energy cut: 2
Ev 361:
  summed cls: 1
  identified supercls: 1
  after energy cut: 1
Ev 362:
  summed cls: 2
  identified supercls: 1
  after energy cut: 1
Ev 363:
  summed cls: 2
  identified supercls: 1
  after energy cut: 1
Ev 364:
  summed cls: 0
  identified supercls: 0
  after energy cut: 0
Ev 365:
  summed cls: 1
  identified supercls: 1
  after energy cut: 0
Ev 366:
  summed cls: 2
  identified supercls: 2
  after energy cut: 2
Ev 367:
  summed cls: 0
  identified supercls: 0
  after energy cut: 0
Ev 368:
  summed cls: 1
  identified supercls: 1
  after energy cut: 1
Ev 369:
  summed cls: 3
  identified supercls: 2
  after energy cut: 2
Ev 370:
  summed cls: 2
  identified supercls: 1
  after energy cut: 1
Ev 371:
  summed cls: 0
  identified supercls: 0
  after energy cut: 0
Ev 372:
  summed cls: 2
  identified supercls: 1
  after energy cut: 1
Ev 373:
  summed cls: 1
  identified supercls: 1
  after energy cut: 1
Ev 374:
  summed cls: 1
  identified supercls: 1
  after energy cut: 1
Ev 375:
  summed cls: 4
  identified supercls: 2
  after energy cut: 2
Ev 376:
  summed cls: 3
  identified supercls: 2
  after energy cut: 2
Ev 377:
  summed cls: 0
  identified supercls: 0
  after energy cut: 0
Ev 378:
  summed cls: 1
  identified supercls: 1
  after energy cut: 1
Ev 379:
  summed cls: 3
  identified supercls: 2
  after energy cut: 2
Ev 380:
  summed cls: 0
  identified supercls: 0
  after energy cut: 0
Ev 381:
  summed cls: 1
  identified supercls: 1
  after energy cut: 1
Ev 382:
  summed cls: 1
  identified supercls: 1
  after energy cut: 1
Ev 383:
  summed cls: 3
  identified supercls: 2
  after energy cut: 2
Ev 384:
  summed cls: 4
  identified supercls: 2
  after energy cut: 2
Ev 385:
  summed cls: 0
  identified supercls: 0
  after energy cut: 0
Ev 386:
  summed cls: 1
  identified supercls: 1
  after energy cut: 1
Ev 387:
  summed cls: 3
  identified supercls: 2
  after energy cut: 2
Ev 388:
  summed cls: 1
  identified supercls: 1
  after energy cut: 1
Ev 389:
  summed cls: 3
  identified supercls: 2
  after energy cut: 2
Ev 390:
  summed cls: 2
  identified supercls: 1
  after energy cut: 1
Ev 391:
  summed cls: 1
  identified supercls: 1
  after energy cut: 1
Ev 392:
  summed cls: 0
  identified supercls: 0
  after energy cut: 0
Ev 393:
  summed cls: 3
  identified supercls: 2
  after energy cut: 1
Ev 394:
  summed cls: 1
  identified supercls: 1
  after energy cut: 1
Ev 395:
  summed cls: 2
  identified supercls: 2
  after energy cut: 2
Ev 396:
  summed cls: 3
  identified supercls: 2
  after energy cut: 2
Ev 397:
  summed cls: 1
  identified supercls: 1
  after energy cut: 1
Ev 398:
  summed cls: 2
  identified supercls: 1
  after energy cut: 1
Ev 399:
  summed cls: 5
  identified supercls: 2
  after energy cut: 2
Ev 400:
  summed cls: 3
  identified supercls: 3
  after energy cut: 3
Ev 401:
  summed cls: 2
  identified supercls: 2
  after energy cut: 2
Ev 402:
  summed cls: 1
  identified supercls: 1
  after energy cut: 1
Ev 403:
  summed cls: 1
  identified supercls: 1
  after energy cut: 1
Ev 404:
  summed cls: 2
  identified supercls: 1
  after energy cut: 1
Ev 405:
  summed cls: 0
  identified supercls: 0
  after energy cut: 0
Ev 406:
  summed cls: 2
  identified supercls: 2
  after energy cut: 2
Ev 407:
  summed cls: 2
  identified supercls: 2
  after energy cut: 2
Ev 408:
  summed cls: 2
  identified supercls: 1
  after energy cut: 1
Ev 409:
  summed cls: 2
  identified supercls: 2
  after energy cut: 2
Ev 410:
  summed cls: 3
  identified supercls: 2
  after energy cut: 2
Ev 411:
  summed cls: 2
  identified supercls: 2
  after energy cut: 2
Ev 412:
  summed cls: 1
  identified supercls: 1
  after energy cut: 1
Ev 413:
  summed cls: 1
  identified supercls: 1
  after energy cut: 1
Ev 414:
  summed cls: 1
  identified supercls: 1
  after energy cut: 1
Ev 415:
  summed cls: 2
  identified supercls: 2
  after energy cut: 2
Ev 416:
  summed cls: 1
  identified supercls: 1
  after energy cut: 1
Ev 417:
  summed cls: 2
  identified supercls: 2
  after energy cut: 2
Ev 418:
  summed cls: 1
  identified supercls: 1
  after energy cut: 1
Ev 419:
  summed cls: 1
  identified supercls: 1
  after energy cut: 1
Ev 420:
  summed cls: 0
  identified supercls: 0
  after energy cut: 0
Ev 421:
  summed cls: 1
  identified supercls: 1
  after energy cut: 1
Ev 422:
  summed cls: 0
  identified supercls: 0
  after energy cut: 0
Ev 423:
  summed cls: 1
  identified supercls: 1
  after energy cut: 0
Ev 424:
  summed cls: 4
  identified supercls: 2
  after energy cut: 2
Ev 425:
  summed cls: 2
  identified supercls: 1
  after energy cut: 1
Ev 426:
  summed cls: 3
  identified supercls: 2
  after energy cut: 2
Ev 427:
  summed cls: 2
  identified supercls: 1
  after energy cut: 1
Ev 428:
  summed cls: 1
  identified supercls: 1
  after energy cut: 1
Ev 429:
  summed cls: 3
  identified supercls: 2
  after energy cut: 2
Ev 430:
  summed cls: 0
  identified supercls: 0
  after energy cut: 0
Ev 431:
  summed cls: 3
  identified supercls: 3
  after energy cut: 3
Ev 432:
  summed cls: 1
  identified supercls: 1
  after energy cut: 1
Ev 433:
  summed cls: 1
  identified supercls: 1
  after energy cut: 1
Ev 434:
  summed cls: 1
  identified supercls: 1
  after energy cut: 1
Ev 435:
  summed cls: 1
  identified supercls: 1
  after energy cut: 1
Ev 436:
  summed cls: 2
  identified supercls: 2
  after energy cut: 2
Ev 437:
  summed cls: 0
  identified supercls: 0
  after energy cut: 0
Ev 438:
  summed cls: 1
  identified supercls: 0
  after energy cut: 0
Ev 439:
  summed cls: 3
  identified supercls: 1
  after energy cut: 1
Ev 440:
  summed cls: 2
  identified supercls: 1
  after energy cut: 1
Ev 441:
  summed cls: 2
  identified supercls: 1
  after energy cut: 1
Ev 442:
  summed cls: 1
  identified supercls: 1
  after energy cut: 1
Ev 443:
  summed cls: 3
  identified supercls: 2
  after energy cut: 2
Ev 444:
  summed cls: 2
  identified supercls: 0
  after energy cut: 0
Ev 445:
  summed cls: 3
  identified supercls: 1
  after energy cut: 1
Ev 446:
  summed cls: 2
  identified supercls: 2
  after energy cut: 2
Ev 447:
  summed cls: 1
  identified supercls: 1
  after energy cut: 1
Ev 448:
  summed cls: 1
  identified supercls: 1
  after energy cut: 1
Ev 449:
  summed cls: 1
  identified supercls: 1
  after energy cut: 1
Ev 450:
  summed cls: 1
  identified supercls: 0
  after energy cut: 0
Ev 451:
  summed cls: 2
  identified supercls: 1
  after energy cut: 1
Ev 452:
  summed cls: 1
  identified supercls: 1
  after energy cut: 1
Ev 453:
  summed cls: 1
  identified supercls: 1
  after energy cut: 1
Ev 454:
  summed cls: 2
  identified supercls: 1
  after energy cut: 1
Ev 455:
  summed cls: 2
  identified supercls: 2
  after energy cut: 2
Ev 456:
  summed cls: 2
  identified supercls: 2
  after energy cut: 2
Ev 457:
  summed cls: 3
  identified supercls: 2
  after energy cut: 2
Ev 458:
  summed cls: 3
  identified supercls: 2
  after energy cut: 2
Ev 459:
  summed cls: 4
  identified supercls: 2
  after energy cut: 2
Ev 460:
  summed cls: 1
  identified supercls: 1
  after energy cut: 1
Ev 461:
  summed cls: 3
  identified supercls: 2
  after energy cut: 2
Ev 462:
  summed cls: 2
  identified supercls: 2
  after energy cut: 2
Ev 463:
  summed cls: 4
  identified supercls: 2
  after energy cut: 2
Ev 464:
  summed cls: 1
  identified supercls: 1
  after energy cut: 1
Ev 465:
  summed cls: 1
  identified supercls: 1
  after energy cut: 1
Ev 466:
  summed cls: 2
  identified supercls: 0
  after energy cut: 0
Ev 467:
  summed cls: 2
  identified supercls: 1
  after energy cut: 0
Ev 468:
  summed cls: 1
  identified supercls: 0
  after energy cut: 0
Ev 469:
  summed cls: 2
  identified supercls: 2
  after energy cut: 1
Ev 470:
  summed cls: 0
  identified supercls: 0
  after energy cut: 0
Ev 471:
  summed cls: 3
  identified supercls: 2
  after energy cut: 2
Ev 472:
  summed cls: 2
  identified supercls: 2
  after energy cut: 2
Ev 473:
  summed cls: 4
  identified supercls: 2
  after energy cut: 2
Ev 474:
  summed cls: 3
  identified supercls: 1
  after energy cut: 1
Ev 475:
  summed cls: 1
  identified supercls: 1
  after energy cut: 1
Ev 476:
  summed cls: 2
  identified supercls: 2
  after energy cut: 2
Ev 477:
  summed cls: 2
  identified supercls: 2
  after energy cut: 2
Ev 478:
  summed cls: 3
  identified supercls: 2
  after energy cut: 2
Ev 479:
  summed cls: 2
  identified supercls: 2
  after energy cut: 2
Ev 480:
  summed cls: 3
  identified supercls: 2
  after energy cut: 2
Ev 481:
  summed cls: 4
  identified supercls: 2
  after energy cut: 2
Ev 482:
  summed cls: 3
  identified supercls: 1
  after energy cut: 1
Ev 483:
  summed cls: 1
  identified supercls: 1
  after energy cut: 1
Ev 484:
  summed cls: 1
  identified supercls: 1
  after energy cut: 1
Ev 485:
  summed cls: 3
  identified supercls: 2
  after energy cut: 2
Ev 486:
  summed cls: 0
  identified supercls: 0
  after energy cut: 0
Ev 487:
  summed cls: 2
  identified supercls: 1
  after energy cut: 1
Ev 488:
  summed cls: 1
  identified supercls: 1
  after energy cut: 1
Ev 489:
  summed cls: 2
  identified supercls: 2
  after energy cut: 2
Ev 490:
  summed cls: 1
  identified supercls: 1
  after energy cut: 1
Ev 491:
  summed cls: 1
  identified supercls: 1
  after energy cut: 1
Ev 492:
  summed cls: 3
  identified supercls: 2
  after energy cut: 1
Ev 493:
  summed cls: 1
  identified supercls: 1
  after energy cut: 1
Ev 494:
  summed cls: 1
  identified supercls: 1
  after energy cut: 1
Ev 495:
  summed cls: 3
  identified supercls: 2
  after energy cut: 2
Ev 496:
  summed cls: 1
  identified supercls: 1
  after energy cut: 1
Ev 497:
  summed cls: 1
  identified supercls: 1
  after energy cut: 1
Ev 498:
  summed cls: 1
  identified supercls: 1
  after energy cut: 1
Ev 499:
  summed cls: 2
  identified supercls: 2
  after energy cut: 1
Ev 500:
  summed cls: 2
  identified supercls: 1
  after energy cut: 1
Ev 501:
  summed cls: 1
  identified supercls: 1
  after energy cut: 1
Ev 502:
  summed cls: 1
  identified supercls: 1
  after energy cut: 1
Ev 503:
  summed cls: 2
  identified supercls: 2
  after energy cut: 2
Ev 504:
  summed cls: 1
  identified supercls: 1
  after energy cut: 1
Ev 505:
  summed cls: 1
  identified supercls: 1
  after energy cut: 1
Ev 506:
  summed cls: 1
  identified supercls: 0
  after energy cut: 0
Ev 507:
  summed cls: 4
  identified supercls: 2
  after energy cut: 2
Ev 508:
  summed cls: 2
  identified supercls: 2
  after energy cut: 2
Ev 509:
  summed cls: 1
  identified supercls: 1
  after energy cut: 1
Ev 510:
  summed cls: 1
  identified supercls: 1
  after energy cut: 1
Ev 511:
  summed cls: 2
  identified supercls: 1
  after energy cut: 1
Ev 512:
  summed cls: 1
  identified supercls: 1
  after energy cut: 1
Ev 513:
  summed cls: 2
  identified supercls: 2
  after energy cut: 2
Ev 514:
  summed cls: 1
  identified supercls: 1
  after energy cut: 1
Ev 515:
  summed cls: 2
  identified supercls: 1
  after energy cut: 1
Ev 516:
  summed cls: 1
  identified supercls: 1
  after energy cut: 1
Ev 517:
  summed cls: 0
  identified supercls: 0
  after energy cut: 0
Ev 518:
  summed cls: 3
  identified supercls: 2
  after energy cut: 2
Ev 519:
  summed cls: 1
  identified supercls: 1
  after energy cut: 1
Ev 520:
  summed cls: 1
  identified supercls: 0
  after energy cut: 0
Ev 521:
  summed cls: 4
  identified supercls: 3
  after energy cut: 2
Ev 522:
  summed cls: 1
  identified supercls: 1
  after energy cut: 1
Ev 523:
  summed cls: 2
  identified supercls: 2
  after energy cut: 2
Ev 524:
  summed cls: 2
  identified supercls: 2
  after energy cut: 1
Ev 525:
  summed cls: 1
  identified supercls: 1
  after energy cut: 1
Ev 526:
  summed cls: 1
  identified supercls: 1
  after energy cut: 1
Ev 527:
  summed cls: 1
  identified supercls: 1
  after energy cut: 1
Ev 528:
  summed cls: 2
  identified supercls: 2
  after energy cut: 2
Ev 529:
  summed cls: 1
  identified supercls: 1
  after energy cut: 1
Ev 530:
  summed cls: 1
  identified supercls: 1
  after energy cut: 1
Ev 531:
  summed cls: 2
  identified supercls: 1
  after energy cut: 1
Ev 532:
  summed cls: 1
  identified supercls: 1
  after energy cut: 0
Ev 533:
  summed cls: 2
  identified supercls: 1
  after energy cut: 1
Ev 534:
  summed cls: 5
  identified supercls: 2
  after energy cut: 2
Ev 535:
  summed cls: 1
  identified supercls: 1
  after energy cut: 1
Ev 536:
  summed cls: 1
  identified supercls: 1
  after energy cut: 0
Ev 537:
  summed cls: 2
  identified supercls: 2
  after energy cut: 2
Ev 538:
  summed cls: 3
  identified supercls: 2
  after energy cut: 1
Ev 539:
  summed cls: 3
  identified supercls: 1
  after energy cut: 1
Ev 540:
  summed cls: 1
  identified supercls: 1
  after energy cut: 1
Ev 541:
  summed cls: 2
  identified supercls: 1
  after energy cut: 1
Ev 542:
  summed cls: 2
  identified supercls: 2
  after energy cut: 2
Ev 543:
  summed cls: 1
  identified supercls: 1
  after energy cut: 1
Ev 544:
  summed cls: 2
  identified supercls: 1
  after energy cut: 1
Ev 545:
  summed cls: 3
  identified supercls: 2
  after energy cut: 2
Ev 546:
  summed cls: 0
  identified supercls: 0
  after energy cut: 0
Ev 547:
  summed cls: 1
  identified supercls: 1
  after energy cut: 1
Ev 548:
  summed cls: 0
  identified supercls: 0
  after energy cut: 0
Ev 549:
  summed cls: 2
  identified supercls: 2
  after energy cut: 2
Ev 550:
  summed cls: 1
  identified supercls: 1
  after energy cut: 0
Ev 551:
  summed cls: 4
  identified supercls: 2
  after energy cut: 2
Ev 552:
  summed cls: 0
  identified supercls: 0
  after energy cut: 0
Ev 553:
  summed cls: 2
  identified supercls: 2
  after energy cut: 2
Ev 554:
  summed cls: 1
  identified supercls: 1
  after energy cut: 1
Ev 555:
  summed cls: 1
  identified supercls: 1
  after energy cut: 1
Ev 556:
  summed cls: 2
  identified supercls: 1
  after energy cut: 1
Ev 557:
  summed cls: 4
  identified supercls: 2
  after energy cut: 2
Ev 558:
  summed cls: 4
  identified supercls: 2
  after energy cut: 2
Ev 559:
  summed cls: 2
  identified supercls: 1
  after energy cut: 1
Ev 560:
  summed cls: 2
  identified supercls: 2
  after energy cut: 2
Ev 561:
  summed cls: 1
  identified supercls: 1
  after energy cut: 1
Ev 562:
  summed cls: 1
  identified supercls: 1
  after energy cut: 1
Ev 563:
  summed cls: 1
  identified supercls: 1
  after energy cut: 1
Ev 564:
  summed cls: 1
  identified supercls: 1
  after energy cut: 1
Ev 565:
  summed cls: 0
  identified supercls: 0
  after energy cut: 0
Ev 566:
  summed cls: 0
  identified supercls: 0
  after energy cut: 0
Ev 567:
  summed cls: 4
  identified supercls: 2
  after energy cut: 2
Ev 568:
  summed cls: 1
  identified supercls: 1
  after energy cut: 1
Ev 569:
  summed cls: 1
  identified supercls: 1
  after energy cut: 1
Ev 570:
  summed cls: 1
  identified supercls: 1
  after energy cut: 1
Ev 571:
  summed cls: 1
  identified supercls: 1
  after energy cut: 1
Ev 572:
  summed cls: 2
  identified supercls: 1
  after energy cut: 1
Ev 573:
  summed cls: 6
  identified supercls: 2
  after energy cut: 2
Ev 574:
  summed cls: 2
  identified supercls: 2
  after energy cut: 2
Ev 575:
  summed cls: 2
  identified supercls: 1
  after energy cut: 1
Ev 576:
  summed cls: 1
  identified supercls: 1
  after energy cut: 1
Ev 577:
  summed cls: 0
  identified supercls: 0
  after energy cut: 0
Ev 578:
  summed cls: 1
  identified supercls: 1
  after energy cut: 1
Ev 579:
  summed cls: 4
  identified supercls: 2
  after energy cut: 2
Ev 580:
  summed cls: 2
  identified supercls: 1
  after energy cut: 1
Ev 581:
  summed cls: 3
  identified supercls: 2
  after energy cut: 2
Ev 582:
  summed cls: 1
  identified supercls: 1
  after energy cut: 1
Ev 583:
  summed cls: 0
  identified supercls: 0
  after energy cut: 0
Ev 584:
  summed cls: 1
  identified supercls: 1
  after energy cut: 1
Ev 585:
  summed cls: 3
  identified supercls: 2
  after energy cut: 2
Ev 586:
  summed cls: 1
  identified supercls: 1
  after energy cut: 1
Ev 587:
  summed cls: 4
  identified supercls: 2
  after energy cut: 2
Ev 588:
  summed cls: 4
  identified supercls: 2
  after energy cut: 2
Ev 589:
  summed cls: 3
  identified supercls: 2
  after energy cut: 1
Ev 590:
  summed cls: 1
  identified supercls: 1
  after energy cut: 0
Ev 591:
  summed cls: 2
  identified supercls: 2
  after energy cut: 2
Ev 592:
  summed cls: 0
  identified supercls: 0
  after energy cut: 0
Ev 593:
  summed cls: 0
  identified supercls: 0
  after energy cut: 0
Ev 594:
  summed cls: 1
  identified supercls: 1
  after energy cut: 1
Ev 595:
  summed cls: 2
  identified supercls: 1
  after energy cut: 1
Ev 596:
  summed cls: 0
  identified supercls: 0
  after energy cut: 0
Ev 597:
  summed cls: 1
  identified supercls: 1
  after energy cut: 0
Ev 598:
  summed cls: 3
  identified supercls: 2
  after energy cut: 2
Ev 599:
  summed cls: 3
  identified supercls: 2
  after energy cut: 2
Ev 600:
  summed cls: 2
  identified supercls: 2
  after energy cut: 1
Ev 601:
  summed cls: 4
  identified supercls: 1
  after energy cut: 1
Ev 602:
  summed cls: 0
  identified supercls: 0
  after energy cut: 0
Ev 603:
  summed cls: 1
  identified supercls: 1
  after energy cut: 1
Ev 604:
  summed cls: 1
  identified supercls: 1
  after energy cut: 1
Ev 605:
  summed cls: 2
  identified supercls: 1
  after energy cut: 1
Ev 606:
  summed cls: 3
  identified supercls: 2
  after energy cut: 2
Ev 607:
  summed cls: 1
  identified supercls: 0
  after energy cut: 0
Ev 608:
  summed cls: 3
  identified supercls: 2
  after energy cut: 2
Ev 609:
  summed cls: 2
  identified supercls: 2
  after energy cut: 2
Ev 610:
  summed cls: 1
  identified supercls: 1
  after energy cut: 1
Ev 611:
  summed cls: 0
  identified supercls: 0
  after energy cut: 0
Ev 612:
  summed cls: 1
  identified supercls: 1
  after energy cut: 1
Ev 613:
  summed cls: 2
  identified supercls: 1
  after energy cut: 0
Ev 614:
  summed cls: 1
  identified supercls: 1
  after energy cut: 1
Ev 615:
  summed cls: 2
  identified supercls: 1
  after energy cut: 1
Ev 616:
  summed cls: 0
  identified supercls: 0
  after energy cut: 0
Ev 617:
  summed cls: 1
  identified supercls: 0
  after energy cut: 0
Ev 618:
  summed cls: 2
  identified supercls: 2
  after energy cut: 2
Ev 619:
  summed cls: 2
  identified supercls: 1
  after energy cut: 1
Ev 620:
  summed cls: 1
  identified supercls: 1
  after energy cut: 1
Ev 621:
  summed cls: 2
  identified supercls: 2
  after energy cut: 2
Ev 622:
  summed cls: 0
  identified supercls: 0
  after energy cut: 0
Ev 623:
  summed cls: 0
  identified supercls: 0
  after energy cut: 0
Ev 624:
  summed cls: 4
  identified supercls: 2
  after energy cut: 2
Ev 625:
  summed cls: 3
  identified supercls: 2
  after energy cut: 2
Ev 626:
  summed cls: 2
  identified supercls: 2
  after energy cut: 1
Ev 627:
  summed cls: 1
  identified supercls: 1
  after energy cut: 1
Ev 628:
  summed cls: 1
  identified supercls: 0
  after energy cut: 0
Ev 629:
  summed cls: 5
  identified supercls: 2
  after energy cut: 2
Ev 630:
  summed cls: 0
  identified supercls: 0
  after energy cut: 0
Ev 631:
  summed cls: 1
  identified supercls: 1
  after energy cut: 0
Ev 632:
  summed cls: 0
  identified supercls: 0
  after energy cut: 0
Ev 633:
  summed cls: 2
  identified supercls: 2
  after energy cut: 2
Ev 634:
  summed cls: 0
  identified supercls: 0
  after energy cut: 0
Ev 635:
  summed cls: 4
  identified supercls: 3
  after energy cut: 3
Ev 636:
  summed cls: 2
  identified supercls: 2
  after energy cut: 2
Ev 637:
  summed cls: 2
  identified supercls: 2
  after energy cut: 2
Ev 638:
  summed cls: 0
  identified supercls: 0
  after energy cut: 0
Ev 639:
  summed cls: 1
  identified supercls: 1
  after energy cut: 1
Ev 640:
  summed cls: 3
  identified supercls: 2
  after energy cut: 2
Ev 641:
  summed cls: 3
  identified supercls: 1
  after energy cut: 1
Ev 642:
  summed cls: 1
  identified supercls: 0
  after energy cut: 0
Ev 643:
  summed cls: 2
  identified supercls: 1
  after energy cut: 1
Ev 644:
  summed cls: 1
  identified supercls: 1
  after energy cut: 1
Ev 645:
  summed cls: 0
  identified supercls: 0
  after energy cut: 0
Ev 646:
  summed cls: 3
  identified supercls: 2
  after energy cut: 2
Ev 647:
  summed cls: 3
  identified supercls: 1
  after energy cut: 1
Ev 648:
  summed cls: 1
  identified supercls: 1
  after energy cut: 1
Ev 649:
  summed cls: 1
  identified supercls: 1
  after energy cut: 1
Ev 650:
  summed cls: 3
  identified supercls: 2
  after energy cut: 2
Ev 651:
  summed cls: 1
  identified supercls: 1
  after energy cut: 0
Ev 652:
  summed cls: 2
  identified supercls: 1
  after energy cut: 1
Ev 653:
  summed cls: 2
  identified supercls: 2
  after energy cut: 2
Ev 654:
  summed cls: 1
  identified supercls: 1
  after energy cut: 1
Ev 655:
  summed cls: 1
  identified supercls: 1
  after energy cut: 1
Ev 656:
  summed cls: 0
  identified supercls: 0
  after energy cut: 0
Ev 657:
  summed cls: 1
  identified supercls: 1
  after energy cut: 1
Ev 658:
  summed cls: 1
  identified supercls: 0
  after energy cut: 0
Ev 659:
  summed cls: 0
  identified supercls: 0
  after energy cut: 0
Ev 660:
  summed cls: 2
  identified supercls: 2
  after energy cut: 2
Ev 661:
  summed cls: 5
  identified supercls: 2
  after energy cut: 2
Ev 662:
  summed cls: 1
  identified supercls: 1
  after energy cut: 1
Ev 663:
  summed cls: 1
  identified supercls: 1
  after energy cut: 1
Ev 664:
  summed cls: 1
  identified supercls: 1
  after energy cut: 1
Ev 665:
  summed cls: 1
  identified supercls: 1
  after energy cut: 1
Ev 666:
  summed cls: 1
  identified supercls: 1
  after energy cut: 1
Ev 667:
  summed cls: 2
  identified supercls: 1
  after energy cut: 1
Ev 668:
  summed cls: 2
  identified supercls: 2
  after energy cut: 2
Ev 669:
  summed cls: 1
  identified supercls: 1
  after energy cut: 0
Ev 670:
  summed cls: 1
  identified supercls: 0
  after energy cut: 0
Ev 671:
  summed cls: 1
  identified supercls: 1
  after energy cut: 1
Ev 672:
  summed cls: 2
  identified supercls: 2
  after energy cut: 2
Ev 673:
  summed cls: 3
  identified supercls: 2
  after energy cut: 2
Ev 674:
  summed cls: 3
  identified supercls: 2
  after energy cut: 2
Ev 675:
  summed cls: 3
  identified supercls: 2
  after energy cut: 2
Ev 676:
  summed cls: 3
  identified supercls: 2
  after energy cut: 2
Ev 677:
  summed cls: 2
  identified supercls: 2
  after energy cut: 2
Ev 678:
  summed cls: 1
  identified supercls: 1
  after energy cut: 1
Ev 679:
  summed cls: 0
  identified supercls: 0
  after energy cut: 0
Ev 680:
  summed cls: 3
  identified supercls: 1
  after energy cut: 1
Ev 681:
  summed cls: 2
  identified supercls: 2
  after energy cut: 2
Ev 682:
  summed cls: 1
  identified supercls: 1
  after energy cut: 1
Ev 683:
  summed cls: 3
  identified supercls: 2
  after energy cut: 2
Ev 684:
  summed cls: 1
  identified supercls: 1
  after energy cut: 1
Ev 685:
  summed cls: 0
  identified supercls: 0
  after energy cut: 0
Ev 686:
  summed cls: 3
  identified supercls: 1
  after energy cut: 1
Ev 687:
  summed cls: 1
  identified supercls: 1
  after energy cut: 1
Ev 688:
  summed cls: 2
  identified supercls: 2
  after energy cut: 2
Ev 689:
  summed cls: 1
  identified supercls: 1
  after energy cut: 1
Ev 690:
  summed cls: 2
  identified supercls: 2
  after energy cut: 2
Ev 691:
  summed cls: 3
  identified supercls: 2
  after energy cut: 2
Ev 692:
  summed cls: 2
  identified supercls: 1
  after energy cut: 1
Ev 693:
  summed cls: 3
  identified supercls: 2
  after energy cut: 1
Ev 694:
  summed cls: 2
  identified supercls: 1
  after energy cut: 1
Ev 695:
  summed cls: 3
  identified supercls: 1
  after energy cut: 1
Ev 696:
  summed cls: 0
  identified supercls: 0
  after energy cut: 0
Ev 697:
  summed cls: 4
  identified supercls: 2
  after energy cut: 2
Ev 698:
  summed cls: 3
  identified supercls: 2
  after energy cut: 2
Ev 699:
  summed cls: 2
  identified supercls: 2
  after energy cut: 2
Ev 700:
  summed cls: 1
  identified supercls: 1
  after energy cut: 1
Ev 701:
  summed cls: 1
  identified supercls: 1
  after energy cut: 1
Ev 702:
  summed cls: 1
  identified supercls: 1
  after energy cut: 1
Ev 703:
  summed cls: 1
  identified supercls: 1
  after energy cut: 1
Ev 704:
  summed cls: 1
  identified supercls: 1
  after energy cut: 1
Ev 705:
  summed cls: 4
  identified supercls: 1
  after energy cut: 1
Ev 706:
  summed cls: 1
  identified supercls: 1
  after energy cut: 1
Ev 707:
  summed cls: 0
  identified supercls: 0
  after energy cut: 0
Ev 708:
  summed cls: 3
  identified supercls: 2
  after energy cut: 2
Ev 709:
  summed cls: 1
  identified supercls: 1
  after energy cut: 1
Ev 710:
  summed cls: 1
  identified supercls: 1
  after energy cut: 1
Ev 711:
  summed cls: 1
  identified supercls: 1
  after energy cut: 1
Ev 712:
  summed cls: 1
  identified supercls: 1
  after energy cut: 1
Ev 713:
  summed cls: 1
  identified supercls: 1
  after energy cut: 1
Ev 714:
  summed cls: 1
  identified supercls: 1
  after energy cut: 1
Ev 715:
  summed cls: 2
  identified supercls: 2
  after energy cut: 2
Ev 716:
  summed cls: 2
  identified supercls: 1
  after energy cut: 1
Ev 717:
  summed cls: 1
  identified supercls: 1
  after energy cut: 1
Ev 718:
  summed cls: 6
  identified supercls: 2
  after energy cut: 2
Ev 719:
  summed cls: 3
  identified supercls: 2
  after energy cut: 2
Ev 720:
  summed cls: 3
  identified supercls: 2
  after energy cut: 2
Ev 721:
  summed cls: 2
  identified supercls: 1
  after energy cut: 1
Ev 722:
  summed cls: 3
  identified supercls: 1
  after energy cut: 1
Ev 723:
  summed cls: 0
  identified supercls: 0
  after energy cut: 0
Ev 724:
  summed cls: 0
  identified supercls: 0
  after energy cut: 0
Ev 725:
  summed cls: 2
  identified supercls: 2
  after energy cut: 2
Ev 726:
  summed cls: 0
  identified supercls: 0
  after energy cut: 0
Ev 727:
  summed cls: 0
  identified supercls: 0
  after energy cut: 0
Ev 728:
  summed cls: 1
  identified supercls: 1
  after energy cut: 1
Ev 729:
  summed cls: 2
  identified supercls: 2
  after energy cut: 2
Ev 730:
  summed cls: 2
  identified supercls: 1
  after energy cut: 1
Ev 731:
  summed cls: 1
  identified supercls: 1
  after energy cut: 1
Ev 732:
  summed cls: 1
  identified supercls: 1
  after energy cut: 1
Ev 733:
  summed cls: 0
  identified supercls: 0
  after energy cut: 0
Ev 734:
  summed cls: 1
  identified supercls: 1
  after energy cut: 1
Ev 735:
  summed cls: 1
  identified supercls: 1
  after energy cut: 1
Ev 736:
  summed cls: 2
  identified supercls: 1
  after energy cut: 1
Ev 737:
  summed cls: 1
  identified supercls: 1
  after energy cut: 1
Ev 738:
  summed cls: 1
  identified supercls: 1
  after energy cut: 1
Ev 739:
  summed cls: 2
  identified supercls: 1
  after energy cut: 1
Ev 740:
  summed cls: 2
  identified supercls: 1
  after energy cut: 1
Ev 741:
  summed cls: 3
  identified supercls: 2
  after energy cut: 2
Ev 742:
  summed cls: 1
  identified supercls: 1
  after energy cut: 1
Ev 743:
  summed cls: 2
  identified supercls: 2
  after energy cut: 2
Ev 744:
  summed cls: 2
  identified supercls: 1
  after energy cut: 1
Ev 745:
  summed cls: 2
  identified supercls: 2
  after energy cut: 2
Ev 746:
  summed cls: 4
  identified supercls: 2
  after energy cut: 2
Ev 747:
  summed cls: 1
  identified supercls: 1
  after energy cut: 1
Ev 748:
  summed cls: 1
  identified supercls: 1
  after energy cut: 1
Ev 749:
  summed cls: 3
  identified supercls: 2
  after energy cut: 2
Ev 750:
  summed cls: 4
  identified supercls: 2
  after energy cut: 2
Ev 751:
  summed cls: 3
  identified supercls: 1
  after energy cut: 1
Ev 752:
  summed cls: 1
  identified supercls: 1
  after energy cut: 1
Ev 753:
  summed cls: 1
  identified supercls: 0
  after energy cut: 0
Ev 754:
  summed cls: 2
  identified supercls: 2
  after energy cut: 2
Ev 755:
  summed cls: 2
  identified supercls: 2
  after energy cut: 2
Ev 756:
  summed cls: 2
  identified supercls: 2
  after energy cut: 2
Ev 757:
  summed cls: 1
  identified supercls: 1
  after energy cut: 1
Ev 758:
  summed cls: 1
  identified supercls: 1
  after energy cut: 1
Ev 759:
  summed cls: 1
  identified supercls: 1
  after energy cut: 1
Ev 760:
  summed cls: 2
  identified supercls: 1
  after energy cut: 1
Ev 761:
  summed cls: 2
  identified supercls: 2
  after energy cut: 2
Ev 762:
  summed cls: 2
  identified supercls: 2
  after energy cut: 2
Ev 763:
  summed cls: 3
  identified supercls: 2
  after energy cut: 2
Ev 764:
  summed cls: 2
  identified supercls: 1
  after energy cut: 1
Ev 765:
  summed cls: 1
  identified supercls: 1
  after energy cut: 0
Ev 766:
  summed cls: 2
  identified supercls: 1
  after energy cut: 1
Ev 767:
  summed cls: 3
  identified supercls: 2
  after energy cut: 2
Ev 768:
  summed cls: 0
  identified supercls: 0
  after energy cut: 0
Ev 769:
  summed cls: 8
  identified supercls: 2
  after energy cut: 2
Ev 770:
  summed cls: 2
  identified supercls: 2
  after energy cut: 2
Ev 771:
  summed cls: 3
  identified supercls: 2
  after energy cut: 2
Ev 772:
  summed cls: 0
  identified supercls: 0
  after energy cut: 0
Ev 773:
  summed cls: 2
  identified supercls: 1
  after energy cut: 1
Ev 774:
  summed cls: 2
  identified supercls: 1
  after energy cut: 1
Ev 775:
  summed cls: 2
  identified supercls: 2
  after energy cut: 2
Ev 776:
  summed cls: 3
  identified supercls: 1
  after energy cut: 1
Ev 777:
  summed cls: 0
  identified supercls: 0
  after energy cut: 0
Ev 778:
  summed cls: 1
  identified supercls: 1
  after energy cut: 1
Ev 779:
  summed cls: 2
  identified supercls: 1
  after energy cut: 1
Ev 780:
  summed cls: 3
  identified supercls: 3
  after energy cut: 3
Ev 781:
  summed cls: 5
  identified supercls: 3
  after energy cut: 3
Ev 782:
  summed cls: 1
  identified supercls: 1
  after energy cut: 1
Ev 783:
  summed cls: 4
  identified supercls: 2
  after energy cut: 2
Ev 784:
  summed cls: 2
  identified supercls: 2
  after energy cut: 2
Ev 785:
  summed cls: 1
  identified supercls: 1
  after energy cut: 1
Ev 786:
  summed cls: 2
  identified supercls: 1
  after energy cut: 1
Ev 787:
  summed cls: 1
  identified supercls: 1
  after energy cut: 1
Ev 788:
  summed cls: 1
  identified supercls: 1
  after energy cut: 1
Ev 789:
  summed cls: 3
  identified supercls: 2
  after energy cut: 2
Ev 790:
  summed cls: 2
  identified supercls: 1
  after energy cut: 1
Ev 791:
  summed cls: 2
  identified supercls: 2
  after energy cut: 2
Ev 792:
  summed cls: 2
  identified supercls: 1
  after energy cut: 1
Ev 793:
  summed cls: 5
  identified supercls: 1
  after energy cut: 1
Ev 794:
  summed cls: 1
  identified supercls: 1
  after energy cut: 1
Ev 795:
  summed cls: 1
  identified supercls: 1
  after energy cut: 1
Ev 796:
  summed cls: 3
  identified supercls: 2
  after energy cut: 1
Ev 797:
  summed cls: 2
  identified supercls: 2
  after energy cut: 1
Ev 798:
  summed cls: 2
  identified supercls: 2
  after energy cut: 2
Ev 799:
  summed cls: 1
  identified supercls: 0
  after energy cut: 0
Ev 800:
  summed cls: 3
  identified supercls: 2
  after energy cut: 2
Ev 801:
  summed cls: 3
  identified supercls: 3
  after energy cut: 3
Ev 802:
  summed cls: 1
  identified supercls: 1
  after energy cut: 1
Ev 803:
  summed cls: 3
  identified supercls: 2
  after energy cut: 1
Ev 804:
  summed cls: 2
  identified supercls: 1
  after energy cut: 1
Ev 805:
  summed cls: 2
  identified supercls: 2
  after energy cut: 2
Ev 806:
  summed cls: 2
  identified supercls: 2
  after energy cut: 2
Ev 807:
  summed cls: 1
  identified supercls: 1
  after energy cut: 1
Ev 808:
  summed cls: 4
  identified supercls: 3
  after energy cut: 2
Ev 809:
  summed cls: 1
  identified supercls: 1
  after energy cut: 1
Ev 810:
  summed cls: 0
  identified supercls: 0
  after energy cut: 0
Ev 811:
  summed cls: 0
  identified supercls: 0
  after energy cut: 0
Ev 812:
  summed cls: 3
  identified supercls: 2
  after energy cut: 2
Ev 813:
  summed cls: 3
  identified supercls: 2
  after energy cut: 1
Ev 814:
  summed cls: 1
  identified supercls: 1
  after energy cut: 1
Ev 815:
  summed cls: 1
  identified supercls: 1
  after energy cut: 1
Ev 816:
  summed cls: 3
  identified supercls: 2
  after energy cut: 2
Ev 817:
  summed cls: 0
  identified supercls: 0
  after energy cut: 0
Ev 818:
  summed cls: 4
  identified supercls: 2
  after energy cut: 2
Ev 819:
  summed cls: 2
  identified supercls: 2
  after energy cut: 2
Ev 820:
  summed cls: 3
  identified supercls: 2
  after energy cut: 2
Ev 821:
  summed cls: 1
  identified supercls: 1
  after energy cut: 0
Ev 822:
  summed cls: 2
  identified supercls: 2
  after energy cut: 2
Ev 823:
  summed cls: 2
  identified supercls: 2
  after energy cut: 2
Ev 824:
  summed cls: 2
  identified supercls: 2
  after energy cut: 2
Ev 825:
  summed cls: 2
  identified supercls: 2
  after energy cut: 2
Ev 826:
  summed cls: 1
  identified supercls: 1
  after energy cut: 1
Ev 827:
  summed cls: 1
  identified supercls: 1
  after energy cut: 1
Ev 828:
  summed cls: 2
  identified supercls: 2
  after energy cut: 2
Ev 829:
  summed cls: 0
  identified supercls: 0
  after energy cut: 0
Ev 830:
  summed cls: 2
  identified supercls: 2
  after energy cut: 2
Ev 831:
  summed cls: 2
  identified supercls: 2
  after energy cut: 2
Ev 832:
  summed cls: 3
  identified supercls: 2
  after energy cut: 2
Ev 833:
  summed cls: 2
  identified supercls: 1
  after energy cut: 1
Ev 834:
  summed cls: 1
  identified supercls: 1
  after energy cut: 1
Ev 835:
  summed cls: 2
  identified supercls: 2
  after energy cut: 2
Ev 836:
  summed cls: 2
  identified supercls: 2
  after energy cut: 2
Ev 837:
  summed cls: 0
  identified supercls: 0
  after energy cut: 0
Ev 838:
  summed cls: 0
  identified supercls: 0
  after energy cut: 0
Ev 839:
  summed cls: 1
  identified supercls: 1
  after energy cut: 1
Ev 840:
  summed cls: 1
  identified supercls: 1
  after energy cut: 1
Ev 841:
  summed cls: 1
  identified supercls: 1
  after energy cut: 1
Ev 842:
  summed cls: 3
  identified supercls: 3
  after energy cut: 3
Ev 843:
  summed cls: 1
  identified supercls: 0
  after energy cut: 0
Ev 844:
  summed cls: 2
  identified supercls: 2
  after energy cut: 2
Ev 845:
  summed cls: 0
  identified supercls: 0
  after energy cut: 0
Ev 846:
  summed cls: 1
  identified supercls: 1
  after energy cut: 1
Ev 847:
  summed cls: 1
  identified supercls: 1
  after energy cut: 1
Ev 848:
  summed cls: 3
  identified supercls: 2
  after energy cut: 2
Ev 849:
  summed cls: 1
  identified supercls: 1
  after energy cut: 1
Ev 850:
  summed cls: 2
  identified supercls: 2
  after energy cut: 2
Ev 851:
  summed cls: 2
  identified supercls: 1
  after energy cut: 1
Ev 852:
  summed cls: 1
  identified supercls: 1
  after energy cut: 1
Ev 853:
  summed cls: 1
  identified supercls: 1
  after energy cut: 1
Ev 854:
  summed cls: 1
  identified supercls: 1
  after energy cut: 1
Ev 855:
  summed cls: 1
  identified supercls: 1
  after energy cut: 1
Ev 856:
  summed cls: 1
  identified supercls: 1
  after energy cut: 1
Ev 857:
  summed cls: 1
  identified supercls: 1
  after energy cut: 1
Ev 858:
  summed cls: 0
  identified supercls: 0
  after energy cut: 0
Ev 859:
  summed cls: 3
  identified supercls: 2
  after energy cut: 2
Ev 860:
  summed cls: 2
  identified supercls: 2
  after energy cut: 2
Ev 861:
  summed cls: 3
  identified supercls: 2
  after energy cut: 2
Ev 862:
  summed cls: 0
  identified supercls: 0
  after energy cut: 0
Ev 863:
  summed cls: 1
  identified supercls: 1
  after energy cut: 1
Ev 864:
  summed cls: 2
  identified supercls: 2
  after energy cut: 2
Ev 865:
  summed cls: 2
  identified supercls: 1
  after energy cut: 1
Ev 866:
  summed cls: 1
  identified supercls: 1
  after energy cut: 1
Ev 867:
  summed cls: 2
  identified supercls: 2
  after energy cut: 2
Ev 868:
  summed cls: 2
  identified supercls: 1
  after energy cut: 1
Ev 869:
  summed cls: 1
  identified supercls: 1
  after energy cut: 1
Ev 870:
  summed cls: 3
  identified supercls: 2
  after energy cut: 2
Ev 871:
  summed cls: 1
  identified supercls: 1
  after energy cut: 1
Ev 872:
  summed cls: 1
  identified supercls: 1
  after energy cut: 1
Ev 873:
  summed cls: 1
  identified supercls: 1
  after energy cut: 0
Ev 874:
  summed cls: 1
  identified supercls: 1
  after energy cut: 1
Ev 875:
  summed cls: 1
  identified supercls: 1
  after energy cut: 0
Ev 876:
  summed cls: 1
  identified supercls: 1
  after energy cut: 1
Ev 877:
  summed cls: 2
  identified supercls: 1
  after energy cut: 1
Ev 878:
  summed cls: 2
  identified supercls: 2
  after energy cut: 2
Ev 879:
  summed cls: 4
  identified supercls: 2
  after energy cut: 2
Ev 880:
  summed cls: 2
  identified supercls: 2
  after energy cut: 2
Ev 881:
  summed cls: 2
  identified supercls: 2
  after energy cut: 2
Ev 882:
  summed cls: 2
  identified supercls: 2
  after energy cut: 2
Ev 883:
  summed cls: 2
  identified supercls: 1
  after energy cut: 1
Ev 884:
  summed cls: 1
  identified supercls: 1
  after energy cut: 1
Ev 885:
  summed cls: 2
  identified supercls: 2
  after energy cut: 2
Ev 886:
  summed cls: 1
  identified supercls: 1
  after energy cut: 1
Ev 887:
  summed cls: 2
  identified supercls: 1
  after energy cut: 1
Ev 888:
  summed cls: 3
  identified supercls: 2
  after energy cut: 2
Ev 889:
  summed cls: 2
  identified supercls: 2
  after energy cut: 2
Ev 890:
  summed cls: 4
  identified supercls: 3
  after energy cut: 3
Ev 891:
  summed cls: 2
  identified supercls: 2
  after energy cut: 2
Ev 892:
  summed cls: 1
  identified supercls: 1
  after energy cut: 1
Ev 893:
  summed cls: 3
  identified supercls: 2
  after energy cut: 2
Ev 894:
  summed cls: 0
  identified supercls: 0
  after energy cut: 0
Ev 895:
  summed cls: 1
  identified supercls: 1
  after energy cut: 0
Ev 896:
  summed cls: 4
  identified supercls: 2
  after energy cut: 2
Ev 897:
  summed cls: 1
  identified supercls: 1
  after energy cut: 1
Ev 898:
  summed cls: 4
  identified supercls: 2
  after energy cut: 2
Ev 899:
  summed cls: 2
  identified supercls: 2
  after energy cut: 2
Ev 900:
  summed cls: 1
  identified supercls: 1
  after energy cut: 1
Ev 901:
  summed cls: 2
  identified supercls: 2
  after energy cut: 2
Ev 902:
  summed cls: 2
  identified supercls: 2
  after energy cut: 2
Ev 903:
  summed cls: 4
  identified supercls: 2
  after energy cut: 2
Ev 904:
  summed cls: 1
  identified supercls: 1
  after energy cut: 1
Ev 905:
  summed cls: 1
  identified supercls: 1
  after energy cut: 1
Ev 906:
  summed cls: 2
  identified supercls: 2
  after energy cut: 2
Ev 907:
  summed cls: 3
  identified supercls: 2
  after energy cut: 2
Ev 908:
  summed cls: 1
  identified supercls: 1
  after energy cut: 1
Ev 909:
  summed cls: 0
  identified supercls: 0
  after energy cut: 0
Ev 910:
  summed cls: 3
  identified supercls: 2
  after energy cut: 2
Ev 911:
  summed cls: 1
  identified supercls: 1
  after energy cut: 1
Ev 912:
  summed cls: 1
  identified supercls: 1
  after energy cut: 1
Ev 913:
  summed cls: 0
  identified supercls: 0
  after energy cut: 0
Ev 914:
  summed cls: 1
  identified supercls: 1
  after energy cut: 0
Ev 915:
  summed cls: 2
  identified supercls: 2
  after energy cut: 2
Ev 916:
  summed cls: 2
  identified supercls: 1
  after energy cut: 1
Ev 917:
  summed cls: 1
  identified supercls: 1
  after energy cut: 1
Ev 918:
  summed cls: 0
  identified supercls: 0
  after energy cut: 0
Ev 919:
  summed cls: 2
  identified supercls: 1
  after energy cut: 1
Ev 920:
  summed cls: 1
  identified supercls: 1
  after energy cut: 1
Ev 921:
  summed cls: 3
  identified supercls: 2
  after energy cut: 2
Ev 922:
  summed cls: 0
  identified supercls: 0
  after energy cut: 0
Ev 923:
  summed cls: 0
  identified supercls: 0
  after energy cut: 0
Ev 924:
  summed cls: 2
  identified supercls: 2
  after energy cut: 2
Ev 925:
  summed cls: 2
  identified supercls: 2
  after energy cut: 2
Ev 926:
  summed cls: 1
  identified supercls: 1
  after energy cut: 1
Ev 927:
  summed cls: 2
  identified supercls: 2
  after energy cut: 2
Ev 928:
  summed cls: 2
  identified supercls: 2
  after energy cut: 2
Ev 929:
  summed cls: 5
  identified supercls: 2
  after energy cut: 2
Ev 930:
  summed cls: 2
  identified supercls: 1
  after energy cut: 1
Ev 931:
  summed cls: 2
  identified supercls: 0
  after energy cut: 0
Ev 932:
  summed cls: 1
  identified supercls: 1
  after energy cut: 1
Ev 933:
  summed cls: 2
  identified supercls: 2
  after energy cut: 2
Ev 934:
  summed cls: 2
  identified supercls: 1
  after energy cut: 1
Ev 935:
  summed cls: 2
  identified supercls: 1
  after energy cut: 1
Ev 936:
  summed cls: 2
  identified supercls: 1
  after energy cut: 1
Ev 937:
  summed cls: 2
  identified supercls: 1
  after energy cut: 1
Ev 938:
  summed cls: 2
  identified supercls: 1
  after energy cut: 1
Ev 939:
  summed cls: 1
  identified supercls: 1
  after energy cut: 1
Ev 940:
  summed cls: 1
  identified supercls: 0
  after energy cut: 0
Ev 941:
  summed cls: 2
  identified supercls: 1
  after energy cut: 1
Ev 942:
  summed cls: 0
  identified supercls: 0
  after energy cut: 0
Ev 943:
  summed cls: 0
  identified supercls: 0
  after energy cut: 0
Ev 944:
  summed cls: 3
  identified supercls: 2
  after energy cut: 2
Ev 945:
  summed cls: 4
  identified supercls: 3
  after energy cut: 3
Ev 946:
  summed cls: 2
  identified supercls: 2
  after energy cut: 2
Ev 947:
  summed cls: 1
  identified supercls: 1
  after energy cut: 1
Ev 948:
  summed cls: 2
  identified supercls: 2
  after energy cut: 2
Ev 949:
  summed cls: 2
  identified supercls: 2
  after energy cut: 2
Ev 950:
  summed cls: 3
  identified supercls: 2
  after energy cut: 2
Ev 951:
  summed cls: 4
  identified supercls: 2
  after energy cut: 2
Ev 952:
  summed cls: 0
  identified supercls: 0
  after energy cut: 0
Ev 953:
  summed cls: 2
  identified supercls: 2
  after energy cut: 2
Ev 954:
  summed cls: 1
  identified supercls: 1
  after energy cut: 1
Ev 955:
  summed cls: 1
  identified supercls: 1
  after energy cut: 1
Ev 956:
  summed cls: 1
  identified supercls: 1
  after energy cut: 1
Ev 957:
  summed cls: 1
  identified supercls: 0
  after energy cut: 0
Ev 958:
  summed cls: 2
  identified supercls: 2
  after energy cut: 2
Ev 959:
  summed cls: 3
  identified supercls: 2
  after energy cut: 2
Ev 960:
  summed cls: 1
  identified supercls: 1
  after energy cut: 1
Ev 961:
  summed cls: 3
  identified supercls: 2
  after energy cut: 2
Ev 962:
  summed cls: 3
  identified supercls: 2
  after energy cut: 1
Ev 963:
  summed cls: 1
  identified supercls: 1
  after energy cut: 1
Ev 964:
  summed cls: 3
  identified supercls: 2
  after energy cut: 2
Ev 965:
  summed cls: 2
  identified supercls: 2
  after energy cut: 2
Ev 966:
  summed cls: 1
  identified supercls: 1
  after energy cut: 1
Ev 967:
  summed cls: 2
  identified supercls: 2
  after energy cut: 2
Ev 968:
  summed cls: 2
  identified supercls: 2
  after energy cut: 2
Ev 969:
  summed cls: 2
  identified supercls: 1
  after energy cut: 1
Ev 970:
  summed cls: 1
  identified supercls: 1
  after energy cut: 1
Ev 971:
  summed cls: 2
  identified supercls: 2
  after energy cut: 2
Ev 972:
  summed cls: 1
  identified supercls: 1
  after energy cut: 1
Ev 973:
  summed cls: 1
  identified supercls: 1
  after energy cut: 1
Ev 974:
  summed cls: 1
  identified supercls: 1
  after energy cut: 1
Ev 975:
  summed cls: 3
  identified supercls: 2
  after energy cut: 2
Ev 976:
  summed cls: 2
  identified supercls: 1
  after energy cut: 1
Ev 977:
  summed cls: 0
  identified supercls: 0
  after energy cut: 0
Ev 978:
  summed cls: 1
  identified supercls: 1
  after energy cut: 1
Ev 979:
  summed cls: 1
  identified supercls: 1
  after energy cut: 1
Ev 980:
  summed cls: 2
  identified supercls: 2
  after energy cut: 2
Ev 981:
  summed cls: 1
  identified supercls: 1
  after energy cut: 1
Ev 982:
  summed cls: 1
  identified supercls: 1
  after energy cut: 1
Ev 983:
  summed cls: 3
  identified supercls: 2
  after energy cut: 2
Ev 984:
  summed cls: 1
  identified supercls: 1
  after energy cut: 1
Ev 985:
  summed cls: 1
  identified supercls: 1
  after energy cut: 1
Ev 986:
  summed cls: 0
  identified supercls: 0
  after energy cut: 0
Ev 987:
  summed cls: 2
  identified supercls: 1
  after energy cut: 1
Ev 988:
  summed cls: 2
  identified supercls: 2
  after energy cut: 1
Ev 989:
  summed cls: 2
  identified supercls: 2
  after energy cut: 2
Ev 990:
  summed cls: 1
  identified supercls: 1
  after energy cut: 1
Ev 991:
  summed cls: 1
  identified supercls: 1
  after energy cut: 1
Ev 992:
  summed cls: 1
  identified supercls: 1
  after energy cut: 1
Ev 993:
  summed cls: 4
  identified supercls: 2
  after energy cut: 2
Ev 994:
  summed cls: 1
  identified supercls: 1
  after energy cut: 1
Ev 995:
  summed cls: 3
  identified supercls: 1
  after energy cut: 1
Ev 996:
  summed cls: 2
  identified supercls: 2
  after energy cut: 2
Ev 997:
  summed cls: 1
  identified supercls: 1
  after energy cut: 1
Ev 998:
  summed cls: 2
  identified supercls: 1
  after energy cut: 1
Ev 999:
  summed cls: 1
  identified supercls: 1
  after energy cut: 1
Ev 1000:
  summed cls: 3
  identified supercls: 2
  after energy cut: 2
